<?xml version="1.0" encoding="UTF-8"?>
<coverage generated="1609436957118" clover="3.2.0">
  <project timestamp="1609436957118" name="All files">
    <metrics statements="273" coveredstatements="261" conditionals="144" coveredconditionals="102" methods="84" coveredmethods="75" elements="501" coveredelements="438" complexity="0" loc="273" ncloc="273" packages="5" files="20" classes="20"/>
    <package name="lib">
      <metrics statements="37" coveredstatements="36" conditionals="9" coveredconditionals="8" methods="7" coveredmethods="7"/>
      <file name="Session.ts" path="/mnt/c/Users/anide/Projects/ecoledirecte.js/lib/Session.ts">
        <metrics statements="25" coveredstatements="24" conditionals="7" coveredconditionals="6" methods="5" coveredmethods="5"/>
        <line num="1" count="5" type="stmt"/>
        <line num="2" count="5" type="stmt"/>
        <line num="3" count="5" type="stmt"/>
        <line num="4" count="5" type="stmt"/>
        <line num="5" count="5" type="stmt"/>
        <line num="7" count="5" type="stmt"/>
        <line num="15" count="6" type="stmt"/>
        <line num="18" count="50" type="stmt"/>
        <line num="22" count="45" type="stmt"/>
        <line num="27" count="45" type="stmt"/>
        <line num="31" count="6" type="stmt"/>
        <line num="35" count="6" type="stmt"/>
        <line num="36" count="6" type="stmt"/>
        <line num="38" count="6" type="stmt"/>
        <line num="39" count="6" type="stmt"/>
        <line num="40" count="6" type="cond" truecount="2" falsecount="0"/>
        <line num="44" count="5" type="stmt"/>
        <line num="45" count="5" type="stmt"/>
        <line num="47" count="2" type="stmt"/>
        <line num="49" count="1" type="stmt"/>
        <line num="51" count="1" type="stmt"/>
        <line num="53" count="1" type="stmt"/>
        <line num="55" count="0" type="stmt"/>
        <line num="67" count="1" type="stmt"/>
        <line num="68" count="1" type="stmt"/>
      </file>
      <file name="errors.ts" path="/mnt/c/Users/anide/Projects/ecoledirecte.js/lib/errors.ts">
        <metrics statements="4" coveredstatements="4" conditionals="2" coveredconditionals="2" methods="1" coveredmethods="1"/>
        <line num="3" count="5" type="stmt"/>
        <line num="4" count="1" type="stmt"/>
        <line num="5" count="1" type="cond" truecount="2" falsecount="0"/>
        <line num="6" count="1" type="stmt"/>
      </file>
      <file name="events.ts" path="/mnt/c/Users/anide/Projects/ecoledirecte.js/lib/events.ts">
        <metrics statements="3" coveredstatements="3" conditionals="0" coveredconditionals="0" methods="0" coveredmethods="0"/>
        <line num="1" count="5" type="stmt"/>
        <line num="3" count="5" type="stmt"/>
        <line num="4" count="5" type="stmt"/>
      </file>
      <file name="index.ts" path="/mnt/c/Users/anide/Projects/ecoledirecte.js/lib/index.ts">
        <metrics statements="5" coveredstatements="5" conditionals="0" coveredconditionals="0" methods="1" coveredmethods="1"/>
        <line num="1" count="5" type="stmt"/>
        <line num="2" count="5" type="stmt"/>
        <line num="3" count="5" type="stmt"/>
        <line num="5" count="11" type="stmt"/>
        <line num="6" count="5" type="stmt"/>
      </file>
    </package>
    <package name="lib.account_types">
      <metrics statements="109" coveredstatements="104" conditionals="29" coveredconditionals="18" methods="20" coveredmethods="19"/>
      <file name="Account.ts" path="/mnt/c/Users/anide/Projects/ecoledirecte.js/lib/account_types/Account.ts">
        <metrics statements="12" coveredstatements="11" conditionals="6" coveredconditionals="4" methods="4" coveredmethods="4"/>
        <line num="2" count="5" type="stmt"/>
        <line num="3" count="5" type="stmt"/>
        <line num="5" count="5" type="stmt"/>
        <line num="10" count="35" type="stmt"/>
        <line num="14" count="39" type="stmt"/>
        <line num="18" count="5" type="stmt"/>
        <line num="20" count="5" type="cond" truecount="3" falsecount="1"/>
        <line num="21" count="0" type="stmt"/>
        <line num="23" count="5" type="stmt"/>
        <line num="25" count="5" type="cond" truecount="1" falsecount="1"/>
        <line num="27" count="5" type="stmt"/>
        <line num="31" count="2" type="stmt"/>
      </file>
      <file name="Family.ts" path="/mnt/c/Users/anide/Projects/ecoledirecte.js/lib/account_types/Family.ts">
        <metrics statements="13" coveredstatements="12" conditionals="4" coveredconditionals="2" methods="1" coveredmethods="1"/>
        <line num="1" count="5" type="stmt"/>
        <line num="4" count="5" type="stmt"/>
        <line num="5" count="5" type="stmt"/>
        <line num="7" count="5" type="stmt"/>
        <line num="8" count="1" type="stmt"/>
        <line num="11" count="1" type="stmt"/>
        <line num="12" count="1" type="stmt"/>
        <line num="14" count="1" type="stmt"/>
        <line num="18" count="1" type="cond" truecount="1" falsecount="1"/>
        <line num="19" count="0" type="stmt"/>
        <line num="21" count="1" type="cond" truecount="1" falsecount="1"/>
        <line num="23" count="1" type="stmt"/>
        <line num="24" count="1" type="stmt"/>
      </file>
      <file name="Staff.ts" path="/mnt/c/Users/anide/Projects/ecoledirecte.js/lib/account_types/Staff.ts">
        <metrics statements="13" coveredstatements="12" conditionals="4" coveredconditionals="2" methods="1" coveredmethods="1"/>
        <line num="1" count="5" type="stmt"/>
        <line num="4" count="5" type="stmt"/>
        <line num="5" count="5" type="stmt"/>
        <line num="7" count="5" type="stmt"/>
        <line num="8" count="1" type="stmt"/>
        <line num="11" count="1" type="stmt"/>
        <line num="12" count="1" type="stmt"/>
        <line num="14" count="1" type="stmt"/>
        <line num="18" count="1" type="cond" truecount="1" falsecount="1"/>
        <line num="19" count="0" type="stmt"/>
        <line num="21" count="1" type="cond" truecount="1" falsecount="1"/>
        <line num="23" count="1" type="stmt"/>
        <line num="24" count="1" type="stmt"/>
      </file>
      <file name="Student.ts" path="/mnt/c/Users/anide/Projects/ecoledirecte.js/lib/account_types/Student.ts">
        <metrics statements="53" coveredstatements="52" conditionals="11" coveredconditionals="8" methods="9" coveredmethods="8"/>
        <line num="1" count="5" type="stmt"/>
        <line num="4" count="5" type="stmt"/>
        <line num="14" count="5" type="stmt"/>
        <line num="25" count="5" type="stmt"/>
        <line num="26" count="5" type="stmt"/>
        <line num="27" count="5" type="stmt"/>
        <line num="29" count="5" type="stmt"/>
        <line num="30" count="2" type="stmt"/>
        <line num="33" count="2" type="stmt"/>
        <line num="34" count="2" type="stmt"/>
        <line num="35" count="2" type="stmt"/>
        <line num="39" count="2" type="cond" truecount="1" falsecount="1"/>
        <line num="40" count="0" type="stmt"/>
        <line num="42" count="2" type="cond" truecount="1" falsecount="1"/>
        <line num="44" count="2" type="stmt"/>
        <line num="45" count="2" type="stmt"/>
        <line num="59" count="2" type="stmt"/>
        <line num="60" count="2" type="stmt"/>
        <line num="61" count="2" type="cond" truecount="2" falsecount="0"/>
        <line num="62" count="1" type="stmt"/>
        <line num="66" count="1" type="stmt"/>
        <line num="67" count="1" type="stmt"/>
        <line num="70" count="2" type="cond" truecount="2" falsecount="0"/>
        <line num="72" count="2" type="stmt"/>
        <line num="75" count="27" type="stmt"/>
        <line num="76" count="27" type="stmt"/>
        <line num="81" count="27" type="stmt"/>
        <line num="83" count="27" type="stmt"/>
        <line num="84" count="27" type="stmt"/>
        <line num="85" count="27" type="cond" truecount="1" falsecount="1"/>
        <line num="86" count="27" type="stmt"/>
        <line num="91" count="56" type="stmt"/>
        <line num="92" count="2" type="stmt"/>
        <line num="99" count="1" type="stmt"/>
        <line num="100" count="1" type="stmt"/>
        <line num="101" count="1" type="stmt"/>
        <line num="102" count="1" type="stmt"/>
        <line num="103" count="1" type="stmt"/>
        <line num="104" count="1" type="stmt"/>
        <line num="105" count="1" type="stmt"/>
        <line num="107" count="1" type="stmt"/>
        <line num="114" count="1" type="stmt"/>
        <line num="115" count="1" type="stmt"/>
        <line num="116" count="1" type="stmt"/>
        <line num="117" count="1" type="stmt"/>
        <line num="125" count="1" type="stmt"/>
        <line num="126" count="1" type="stmt"/>
        <line num="127" count="1" type="stmt"/>
        <line num="128" count="1" type="stmt"/>
        <line num="132" count="1" type="stmt"/>
        <line num="133" count="1" type="stmt"/>
        <line num="134" count="1" type="stmt"/>
        <line num="135" count="1" type="stmt"/>
      </file>
      <file name="Teacher.ts" path="/mnt/c/Users/anide/Projects/ecoledirecte.js/lib/account_types/Teacher.ts">
        <metrics statements="13" coveredstatements="12" conditionals="4" coveredconditionals="2" methods="1" coveredmethods="1"/>
        <line num="1" count="5" type="stmt"/>
        <line num="4" count="5" type="stmt"/>
        <line num="5" count="5" type="stmt"/>
        <line num="7" count="5" type="stmt"/>
        <line num="8" count="1" type="stmt"/>
        <line num="11" count="1" type="stmt"/>
        <line num="12" count="1" type="stmt"/>
        <line num="14" count="1" type="stmt"/>
        <line num="18" count="1" type="cond" truecount="1" falsecount="1"/>
        <line num="19" count="0" type="stmt"/>
        <line num="21" count="1" type="cond" truecount="1" falsecount="1"/>
        <line num="23" count="1" type="stmt"/>
        <line num="24" count="1" type="stmt"/>
      </file>
      <file name="index.ts" path="/mnt/c/Users/anide/Projects/ecoledirecte.js/lib/account_types/index.ts">
        <metrics statements="5" coveredstatements="5" conditionals="0" coveredconditionals="0" methods="4" coveredmethods="4"/>
        <line num="1" count="5" type="stmt"/>
        <line num="2" count="5" type="stmt"/>
        <line num="3" count="5" type="stmt"/>
        <line num="4" count="5" type="stmt"/>
        <line num="6" count="7" type="stmt"/>
      </file>
    </package>
    <package name="lib.functions">
      <metrics statements="39" coveredstatements="39" conditionals="12" coveredconditionals="6" methods="18" coveredmethods="15"/>
      <file name="index.ts" path="/mnt/c/Users/anide/Projects/ecoledirecte.js/lib/functions/index.ts">
        <metrics statements="8" coveredstatements="8" conditionals="0" coveredconditionals="0" methods="13" coveredmethods="10"/>
        <line num="1" count="20" type="stmt"/>
        <line num="2" count="32" type="stmt"/>
        <line num="6" count="32" type="stmt"/>
        <line num="7" count="32" type="stmt"/>
        <line num="11" count="7" type="stmt"/>
        <line num="15" count="7" type="stmt"/>
        <line num="16" count="6" type="stmt"/>
        <line num="20" count="6" type="stmt"/>
      </file>
      <file name="login.ts" path="/mnt/c/Users/anide/Projects/ecoledirecte.js/lib/functions/login.ts">
        <metrics statements="8" coveredstatements="8" conditionals="3" coveredconditionals="1" methods="3" coveredmethods="3"/>
        <line num="1" count="5" type="stmt"/>
        <line num="3" count="5" type="stmt"/>
        <line num="9" count="5" type="stmt"/>
        <line num="13" count="6" type="stmt"/>
        <line num="23" count="6" type="stmt"/>
        <line num="29" count="5" type="stmt"/>
        <line num="30" count="15" type="cond" truecount="1" falsecount="2"/>
        <line num="31" count="15" type="stmt"/>
      </file>
      <file name="util.ts" path="/mnt/c/Users/anide/Projects/ecoledirecte.js/lib/functions/util.ts">
        <metrics statements="23" coveredstatements="23" conditionals="9" coveredconditionals="5" methods="2" coveredmethods="2"/>
        <line num="1" count="5" type="stmt"/>
        <line num="2" count="5" type="stmt"/>
        <line num="4" count="5" type="stmt"/>
        <line num="5" count="5" type="stmt"/>
        <line num="6" count="5" type="stmt"/>
        <line num="8" count="5" type="stmt"/>
        <line num="9" count="27" type="stmt"/>
        <line num="10" count="27" type="cond" truecount="1" falsecount="1"/>
        <line num="12" count="27" type="stmt"/>
        <line num="19" count="5" type="stmt"/>
        <line num="20" count="247" type="stmt"/>
        <line num="29" count="5" type="stmt"/>
        <line num="38" count="41" type="stmt"/>
        <line num="39" count="41" type="stmt"/>
        <line num="40" count="41" type="stmt"/>
        <line num="57" count="41" type="cond" truecount="1" falsecount="1"/>
        <line num="58" count="41" type="stmt"/>
        <line num="59" count="41" type="stmt"/>
        <line num="60" count="41" type="stmt"/>
        <line num="63" count="41" type="stmt"/>
        <line num="64" count="41" type="stmt"/>
        <line num="66" count="41" type="cond" truecount="3" falsecount="1"/>
        <line num="68" count="41" type="stmt"/>
      </file>
    </package>
    <package name="lib.functions.student">
      <metrics statements="74" coveredstatements="68" conditionals="94" coveredconditionals="70" methods="29" coveredmethods="24"/>
      <file name="mailbox.ts" path="/mnt/c/Users/anide/Projects/ecoledirecte.js/lib/functions/student/mailbox.ts">
        <metrics statements="15" coveredstatements="14" conditionals="3" coveredconditionals="1" methods="6" coveredmethods="5"/>
        <line num="1" count="5" type="stmt"/>
        <line num="3" count="5" type="stmt"/>
        <line num="11" count="5" type="stmt"/>
        <line num="16" count="2" type="stmt"/>
        <line num="26" count="2" type="stmt"/>
        <line num="29" count="5" type="stmt"/>
        <line num="33" count="1" type="stmt"/>
        <line num="34" count="1" type="stmt"/>
        <line num="35" count="1" type="stmt"/>
        <line num="36" count="4" type="stmt"/>
        <line num="45" count="1" type="stmt"/>
        <line num="56" count="1" type="stmt"/>
        <line num="59" count="0" type="stmt"/>
        <line num="82" count="3" type="stmt"/>
        <line num="84" count="1" type="stmt"/>
      </file>
      <file name="notes.ts" path="/mnt/c/Users/anide/Projects/ecoledirecte.js/lib/functions/student/notes.ts">
        <metrics statements="17" coveredstatements="17" conditionals="59" coveredconditionals="55" methods="11" coveredmethods="11"/>
        <line num="1" count="5" type="stmt"/>
        <line num="8" count="5" type="stmt"/>
        <line num="11" count="96" type="cond" truecount="2" falsecount="0"/>
        <line num="12" count="93" type="stmt"/>
        <line num="15" count="5" type="stmt"/>
        <line num="19" count="2" type="stmt"/>
        <line num="26" count="2" type="stmt"/>
        <line num="29" count="5" type="stmt"/>
        <line num="30" count="96" type="stmt"/>
        <line num="53" count="145" type="stmt"/>
        <line num="69" count="1" type="stmt"/>
        <line num="72" count="5" type="stmt"/>
        <line num="73" count="7" type="stmt"/>
        <line num="127" count="83" type="stmt"/>
        <line num="139" count="213" type="cond" truecount="1" falsecount="1"/>
        <line num="142" count="84" type="stmt"/>
        <line num="162" count="1" type="stmt"/>
      </file>
      <file name="textbook.ts" path="/mnt/c/Users/anide/Projects/ecoledirecte.js/lib/functions/student/textbook.ts">
        <metrics statements="27" coveredstatements="27" conditionals="26" coveredconditionals="13" methods="6" coveredmethods="6"/>
        <line num="1" count="5" type="stmt"/>
        <line num="3" count="5" type="stmt"/>
        <line num="8" count="5" type="stmt"/>
        <line num="14" count="5" type="stmt"/>
        <line num="18" count="1" type="stmt"/>
        <line num="25" count="1" type="stmt"/>
        <line num="27" count="1" type="cond" truecount="1" falsecount="1"/>
        <line num="35" count="5" type="stmt"/>
        <line num="40" count="27" type="stmt"/>
        <line num="47" count="27" type="stmt"/>
        <line num="50" count="5" type="stmt"/>
        <line num="56" count="1" type="cond" truecount="1" falsecount="1"/>
        <line num="57" count="1" type="cond" truecount="1" falsecount="5"/>
        <line num="63" count="1" type="stmt"/>
        <line num="66" count="1" type="cond" truecount="1" falsecount="1"/>
        <line num="67" count="1" type="cond" truecount="1" falsecount="1"/>
        <line num="69" count="1" type="stmt"/>
        <line num="76" count="1" type="stmt"/>
        <line num="79" count="5" type="stmt"/>
        <line num="86" count="27" type="stmt"/>
        <line num="87" count="58" type="stmt"/>
        <line num="107" count="1" type="cond" truecount="1" falsecount="1"/>
        <line num="108" count="1" type="stmt"/>
        <line num="114" count="1" type="cond" truecount="4" falsecount="2"/>
        <line num="115" count="1" type="stmt"/>
        <line num="116" count="1" type="stmt"/>
        <line num="127" count="27" type="stmt"/>
      </file>
      <file name="timelines.ts" path="/mnt/c/Users/anide/Projects/ecoledirecte.js/lib/functions/student/timelines.ts">
        <metrics statements="15" coveredstatements="10" conditionals="6" coveredconditionals="1" methods="6" coveredmethods="2"/>
        <line num="1" count="5" type="stmt"/>
        <line num="2" count="5" type="stmt"/>
        <line num="10" count="5" type="stmt"/>
        <line num="14" count="1" type="stmt"/>
        <line num="21" count="1" type="stmt"/>
        <line num="24" count="5" type="stmt"/>
        <line num="28" count="0" type="stmt"/>
        <line num="35" count="0" type="stmt"/>
        <line num="38" count="5" type="stmt"/>
        <line num="42" count="1" type="stmt"/>
        <line num="43" count="0" type="cond" truecount="1" falsecount="1"/>
        <line num="54" count="1" type="stmt"/>
        <line num="57" count="5" type="stmt"/>
        <line num="60" count="0" type="stmt"/>
        <line num="70" count="0" type="stmt"/>
      </file>
    </package>
    <package name="lib.types">
      <metrics statements="14" coveredstatements="14" conditionals="0" coveredconditionals="0" methods="10" coveredmethods="10"/>
      <file name="failureRes.ts" path="/mnt/c/Users/anide/Projects/ecoledirecte.js/lib/types/failureRes.ts">
        <metrics statements="1" coveredstatements="1" conditionals="0" coveredconditionals="0" methods="1" coveredmethods="1"/>
        <line num="1" count="54" type="stmt"/>
      </file>
      <file name="index.ts" path="/mnt/c/Users/anide/Projects/ecoledirecte.js/lib/types/index.ts">
        <metrics statements="8" coveredstatements="8" conditionals="0" coveredconditionals="0" methods="5" coveredmethods="5"/>
        <line num="3" count="54" type="stmt"/>
        <line num="8" count="7" type="stmt"/>
        <line num="9" count="7" type="stmt"/>
        <line num="10" count="8" type="stmt"/>
        <line num="11" count="7" type="stmt"/>
        <line num="25" count="6" type="stmt"/>
        <line num="29" count="6" type="stmt"/>
        <line num="33" count="6" type="stmt"/>
      </file>
      <file name="login.ts" path="/mnt/c/Users/anide/Projects/ecoledirecte.js/lib/types/login.ts">
        <metrics statements="5" coveredstatements="5" conditionals="0" coveredconditionals="0" methods="4" coveredmethods="4"/>
        <line num="1" count="6" type="stmt"/>
        <line num="6" count="8" type="stmt"/>
        <line num="8" count="7" type="stmt"/>
        <line num="10" count="7" type="stmt"/>
        <line num="12" count="7" type="stmt"/>
      </file>
    </package>
  </project>
</coverage>
