<?xml version="1.0" encoding="UTF-8"?>
<coverage generated="1609074551062" clover="3.2.0">
  <project timestamp="1609074551063" name="All files">
    <metrics statements="224" coveredstatements="204" conditionals="86" coveredconditionals="42" methods="56" coveredmethods="51" elements="366" coveredelements="297" complexity="0" loc="224" ncloc="224" packages="5" files="17" classes="17"/>
    <package name="lib">
      <metrics statements="29" coveredstatements="28" conditionals="9" coveredconditionals="8" methods="5" coveredmethods="5"/>
      <file name="Session.ts" path="C:\Users\anatole\Projects\ecoledirecte.js\lib\Session.ts">
        <metrics statements="21" coveredstatements="20" conditionals="7" coveredconditionals="6" methods="3" coveredmethods="3"/>
        <line num="1" count="5" type="stmt"/>
        <line num="2" count="5" type="stmt"/>
        <line num="3" count="5" type="stmt"/>
        <line num="4" count="5" type="stmt"/>
        <line num="6" count="5" type="stmt"/>
        <line num="14" count="6" type="stmt"/>
        <line num="17" count="6" type="stmt"/>
        <line num="21" count="6" type="stmt"/>
        <line num="22" count="6" type="stmt"/>
        <line num="24" count="6" type="stmt"/>
        <line num="25" count="6" type="stmt"/>
        <line num="26" count="6" type="cond" truecount="2" falsecount="0"/>
        <line num="30" count="5" type="stmt"/>
        <line num="31" count="5" type="stmt"/>
        <line num="33" count="2" type="stmt"/>
        <line num="35" count="1" type="stmt"/>
        <line num="37" count="1" type="stmt"/>
        <line num="39" count="1" type="stmt"/>
        <line num="41" count="0" type="stmt"/>
        <line num="53" count="1" type="stmt"/>
        <line num="54" count="1" type="stmt"/>
      </file>
      <file name="errors.ts" path="C:\Users\anatole\Projects\ecoledirecte.js\lib\errors.ts">
        <metrics statements="4" coveredstatements="4" conditionals="2" coveredconditionals="2" methods="1" coveredmethods="1"/>
        <line num="3" count="5" type="stmt"/>
        <line num="4" count="1" type="stmt"/>
        <line num="5" count="1" type="cond" truecount="2" falsecount="0"/>
        <line num="6" count="1" type="stmt"/>
      </file>
      <file name="index.ts" path="C:\Users\anatole\Projects\ecoledirecte.js\lib\index.ts">
        <metrics statements="4" coveredstatements="4" conditionals="0" coveredconditionals="0" methods="1" coveredmethods="1"/>
        <line num="1" count="5" type="stmt"/>
        <line num="2" count="5" type="stmt"/>
        <line num="4" count="11" type="stmt"/>
        <line num="5" count="5" type="stmt"/>
      </file>
    </package>
    <package name="lib.account_types">
      <metrics statements="94" coveredstatements="89" conditionals="26" coveredconditionals="16" methods="17" coveredmethods="17"/>
      <file name="Account.ts" path="C:\Users\anatole\Projects\ecoledirecte.js\lib\account_types\Account.ts">
        <metrics statements="12" coveredstatements="11" conditionals="6" coveredconditionals="4" methods="4" coveredmethods="4"/>
        <line num="2" count="5" type="stmt"/>
        <line num="3" count="5" type="stmt"/>
        <line num="5" count="5" type="stmt"/>
        <line num="10" count="64" type="stmt"/>
        <line num="14" count="66" type="stmt"/>
        <line num="18" count="5" type="stmt"/>
        <line num="20" count="5" type="cond" truecount="3" falsecount="1"/>
        <line num="21" count="0" type="stmt"/>
        <line num="23" count="5" type="stmt"/>
        <line num="25" count="5" type="cond" truecount="1" falsecount="1"/>
        <line num="27" count="5" type="stmt"/>
        <line num="31" count="1" type="stmt"/>
      </file>
      <file name="Family.ts" path="C:\Users\anatole\Projects\ecoledirecte.js\lib\account_types\Family.ts">
        <metrics statements="13" coveredstatements="12" conditionals="4" coveredconditionals="2" methods="1" coveredmethods="1"/>
        <line num="1" count="5" type="stmt"/>
        <line num="4" count="5" type="stmt"/>
        <line num="5" count="5" type="stmt"/>
        <line num="7" count="5" type="stmt"/>
        <line num="8" count="1" type="stmt"/>
        <line num="11" count="1" type="stmt"/>
        <line num="12" count="1" type="stmt"/>
        <line num="14" count="1" type="stmt"/>
        <line num="18" count="1" type="cond" truecount="1" falsecount="1"/>
        <line num="19" count="0" type="stmt"/>
        <line num="21" count="1" type="cond" truecount="1" falsecount="1"/>
        <line num="23" count="1" type="stmt"/>
        <line num="24" count="1" type="stmt"/>
      </file>
      <file name="Staff.ts" path="C:\Users\anatole\Projects\ecoledirecte.js\lib\account_types\Staff.ts">
        <metrics statements="13" coveredstatements="12" conditionals="4" coveredconditionals="2" methods="1" coveredmethods="1"/>
        <line num="1" count="5" type="stmt"/>
        <line num="4" count="5" type="stmt"/>
        <line num="5" count="5" type="stmt"/>
        <line num="7" count="5" type="stmt"/>
        <line num="8" count="1" type="stmt"/>
        <line num="11" count="1" type="stmt"/>
        <line num="12" count="1" type="stmt"/>
        <line num="14" count="1" type="stmt"/>
        <line num="18" count="1" type="cond" truecount="1" falsecount="1"/>
        <line num="19" count="0" type="stmt"/>
        <line num="21" count="1" type="cond" truecount="1" falsecount="1"/>
        <line num="23" count="1" type="stmt"/>
        <line num="24" count="1" type="stmt"/>
      </file>
      <file name="Student.ts" path="C:\Users\anatole\Projects\ecoledirecte.js\lib\account_types\Student.ts">
        <metrics statements="38" coveredstatements="37" conditionals="8" coveredconditionals="6" methods="6" coveredmethods="6"/>
        <line num="1" count="5" type="stmt"/>
        <line num="4" count="5" type="stmt"/>
        <line num="11" count="5" type="stmt"/>
        <line num="18" count="5" type="stmt"/>
        <line num="19" count="5" type="stmt"/>
        <line num="21" count="5" type="stmt"/>
        <line num="22" count="2" type="stmt"/>
        <line num="25" count="2" type="stmt"/>
        <line num="26" count="2" type="stmt"/>
        <line num="27" count="2" type="stmt"/>
        <line num="31" count="2" type="cond" truecount="1" falsecount="1"/>
        <line num="32" count="0" type="stmt"/>
        <line num="34" count="2" type="cond" truecount="1" falsecount="1"/>
        <line num="36" count="2" type="stmt"/>
        <line num="37" count="2" type="stmt"/>
        <line num="43" count="2" type="cond" truecount="2" falsecount="0"/>
        <line num="44" count="1" type="stmt"/>
        <line num="48" count="1" type="stmt"/>
        <line num="49" count="1" type="stmt"/>
        <line num="52" count="2" type="cond" truecount="2" falsecount="0"/>
        <line num="54" count="2" type="stmt"/>
        <line num="57" count="30" type="stmt"/>
        <line num="58" count="30" type="stmt"/>
        <line num="63" count="30" type="stmt"/>
        <line num="65" count="30" type="stmt"/>
        <line num="66" count="30" type="stmt"/>
        <line num="67" count="30" type="stmt"/>
        <line num="68" count="30" type="stmt"/>
        <line num="69" count="65" type="stmt"/>
        <line num="70" count="30" type="stmt"/>
        <line num="75" count="63" type="stmt"/>
        <line num="76" count="2" type="stmt"/>
        <line num="80" count="1" type="stmt"/>
        <line num="81" count="1" type="stmt"/>
        <line num="83" count="1" type="stmt"/>
        <line num="84" count="1" type="stmt"/>
        <line num="85" count="1" type="stmt"/>
        <line num="87" count="1" type="stmt"/>
      </file>
      <file name="Teacher.ts" path="C:\Users\anatole\Projects\ecoledirecte.js\lib\account_types\Teacher.ts">
        <metrics statements="13" coveredstatements="12" conditionals="4" coveredconditionals="2" methods="1" coveredmethods="1"/>
        <line num="1" count="5" type="stmt"/>
        <line num="4" count="5" type="stmt"/>
        <line num="5" count="5" type="stmt"/>
        <line num="7" count="5" type="stmt"/>
        <line num="8" count="1" type="stmt"/>
        <line num="11" count="1" type="stmt"/>
        <line num="12" count="1" type="stmt"/>
        <line num="14" count="1" type="stmt"/>
        <line num="18" count="1" type="cond" truecount="1" falsecount="1"/>
        <line num="19" count="0" type="stmt"/>
        <line num="21" count="1" type="cond" truecount="1" falsecount="1"/>
        <line num="23" count="1" type="stmt"/>
        <line num="24" count="1" type="stmt"/>
      </file>
      <file name="index.ts" path="C:\Users\anatole\Projects\ecoledirecte.js\lib\account_types\index.ts">
        <metrics statements="5" coveredstatements="5" conditionals="0" coveredconditionals="0" methods="4" coveredmethods="4"/>
        <line num="1" count="5" type="stmt"/>
        <line num="2" count="5" type="stmt"/>
        <line num="3" count="5" type="stmt"/>
        <line num="4" count="5" type="stmt"/>
        <line num="6" count="7" type="stmt"/>
      </file>
    </package>
    <package name="lib.functions">
      <metrics statements="37" coveredstatements="37" conditionals="12" coveredconditionals="6" methods="13" coveredmethods="11"/>
      <file name="index.ts" path="C:\Users\anatole\Projects\ecoledirecte.js\lib\functions\index.ts">
        <metrics statements="9" coveredstatements="9" conditionals="0" coveredconditionals="0" methods="8" coveredmethods="6"/>
        <line num="1" count="5" type="stmt"/>
        <line num="2" count="5" type="stmt"/>
        <line num="4" count="20" type="stmt"/>
        <line num="5" count="35" type="stmt"/>
        <line num="9" count="5" type="stmt"/>
        <line num="10" count="5" type="stmt"/>
        <line num="12" count="35" type="stmt"/>
        <line num="16" count="5" type="stmt"/>
        <line num="18" count="7" type="stmt"/>
      </file>
      <file name="login.ts" path="C:\Users\anatole\Projects\ecoledirecte.js\lib\functions\login.ts">
        <metrics statements="7" coveredstatements="7" conditionals="3" coveredconditionals="1" methods="3" coveredmethods="3"/>
        <line num="1" count="5" type="stmt"/>
        <line num="7" count="5" type="stmt"/>
        <line num="11" count="6" type="stmt"/>
        <line num="21" count="6" type="stmt"/>
        <line num="27" count="5" type="stmt"/>
        <line num="28" count="15" type="cond" truecount="1" falsecount="2"/>
        <line num="29" count="15" type="stmt"/>
      </file>
      <file name="util.ts" path="C:\Users\anatole\Projects\ecoledirecte.js\lib\functions\util.ts">
        <metrics statements="21" coveredstatements="21" conditionals="9" coveredconditionals="5" methods="2" coveredmethods="2"/>
        <line num="1" count="5" type="stmt"/>
        <line num="2" count="5" type="stmt"/>
        <line num="4" count="5" type="stmt"/>
        <line num="5" count="5" type="stmt"/>
        <line num="7" count="5" type="stmt"/>
        <line num="8" count="30" type="stmt"/>
        <line num="9" count="30" type="cond" truecount="1" falsecount="1"/>
        <line num="11" count="30" type="stmt"/>
        <line num="18" count="5" type="stmt"/>
        <line num="19" count="168" type="stmt"/>
        <line num="28" count="5" type="stmt"/>
        <line num="37" count="40" type="stmt"/>
        <line num="38" count="40" type="stmt"/>
        <line num="55" count="40" type="cond" truecount="1" falsecount="1"/>
        <line num="56" count="40" type="stmt"/>
        <line num="57" count="40" type="stmt"/>
        <line num="58" count="40" type="stmt"/>
        <line num="61" count="40" type="stmt"/>
        <line num="62" count="40" type="stmt"/>
        <line num="64" count="40" type="cond" truecount="3" falsecount="1"/>
        <line num="66" count="40" type="stmt"/>
      </file>
    </package>
    <package name="lib.functions.student">
      <metrics statements="39" coveredstatements="26" conditionals="31" coveredconditionals="5" methods="11" coveredmethods="8"/>
      <file name="mailbox.ts" path="C:\Users\anatole\Projects\ecoledirecte.js\lib\functions\student\mailbox.ts">
        <metrics statements="13" coveredstatements="12" conditionals="3" coveredconditionals="1" methods="5" coveredmethods="4"/>
        <line num="1" count="5" type="stmt"/>
        <line num="10" count="5" type="stmt"/>
        <line num="15" count="2" type="stmt"/>
        <line num="22" count="2" type="stmt"/>
        <line num="25" count="5" type="stmt"/>
        <line num="29" count="1" type="stmt"/>
        <line num="30" count="1" type="stmt"/>
        <line num="31" count="1" type="stmt"/>
        <line num="32" count="4" type="stmt"/>
        <line num="41" count="1" type="stmt"/>
        <line num="51" count="1" type="stmt"/>
        <line num="54" count="0" type="stmt"/>
        <line num="79" count="1" type="stmt"/>
      </file>
      <file name="textbook.ts" path="C:\Users\anatole\Projects\ecoledirecte.js\lib\functions\student\textbook.ts">
        <metrics statements="26" coveredstatements="14" conditionals="28" coveredconditionals="4" methods="6" coveredmethods="4"/>
        <line num="1" count="5" type="stmt"/>
        <line num="5" count="5" type="stmt"/>
        <line num="11" count="5" type="stmt"/>
        <line num="15" count="1" type="stmt"/>
        <line num="22" count="1" type="stmt"/>
        <line num="24" count="1" type="cond" truecount="1" falsecount="1"/>
        <line num="32" count="5" type="stmt"/>
        <line num="37" count="30" type="stmt"/>
        <line num="44" count="30" type="stmt"/>
        <line num="47" count="5" type="stmt"/>
        <line num="53" count="0" type="cond" truecount="0" falsecount="2"/>
        <line num="54" count="0" type="cond" truecount="0" falsecount="6"/>
        <line num="60" count="0" type="stmt"/>
        <line num="63" count="0" type="cond" truecount="0" falsecount="2"/>
        <line num="64" count="0" type="cond" truecount="0" falsecount="2"/>
        <line num="66" count="0" type="stmt"/>
        <line num="73" count="0" type="stmt"/>
        <line num="74" count="0" type="stmt"/>
        <line num="77" count="5" type="stmt"/>
        <line num="84" count="30" type="stmt"/>
        <line num="85" count="65" type="stmt"/>
        <line num="105" count="0" type="stmt"/>
        <line num="111" count="0" type="cond" truecount="0" falsecount="6"/>
        <line num="112" count="0" type="stmt"/>
        <line num="113" count="0" type="stmt"/>
        <line num="124" count="30" type="stmt"/>
      </file>
    </package>
    <package name="lib.types">
      <metrics statements="25" coveredstatements="24" conditionals="8" coveredconditionals="7" methods="10" coveredmethods="10"/>
      <file name="failureRes.ts" path="C:\Users\anatole\Projects\ecoledirecte.js\lib\types\failureRes.ts">
        <metrics statements="7" coveredstatements="6" conditionals="8" coveredconditionals="7" methods="1" coveredmethods="1"/>
        <line num="10" count="6" type="stmt"/>
        <line num="11" count="47" type="stmt"/>
        <line num="12" count="47" type="cond" truecount="2" falsecount="0"/>
        <line num="14" count="47" type="stmt"/>
        <line num="18" count="47" type="cond" truecount="2" falsecount="0"/>
        <line num="19" count="47" type="stmt"/>
        <line num="21" count="0" type="stmt"/>
      </file>
      <file name="index.ts" path="C:\Users\anatole\Projects\ecoledirecte.js\lib\types\index.ts">
        <metrics statements="10" coveredstatements="10" conditionals="0" coveredconditionals="0" methods="5" coveredmethods="5"/>
        <line num="4" count="6" type="stmt"/>
        <line num="5" count="53" type="stmt"/>
        <line num="9" count="6" type="stmt"/>
        <line num="10" count="6" type="stmt"/>
        <line num="11" count="6" type="stmt"/>
        <line num="12" count="6" type="stmt"/>
        <line num="15" count="7" type="stmt"/>
        <line num="16" count="7" type="stmt"/>
        <line num="17" count="8" type="stmt"/>
        <line num="18" count="7" type="stmt"/>
      </file>
      <file name="login.ts" path="C:\Users\anatole\Projects\ecoledirecte.js\lib\types\login.ts">
        <metrics statements="8" coveredstatements="8" conditionals="0" coveredconditionals="0" methods="4" coveredmethods="4"/>
        <line num="244" count="6" type="stmt"/>
        <line num="245" count="2" type="stmt"/>
        <line num="251" count="6" type="stmt"/>
        <line num="252" count="1" type="stmt"/>
        <line num="258" count="6" type="stmt"/>
        <line num="259" count="1" type="stmt"/>
        <line num="265" count="6" type="stmt"/>
        <line num="266" count="1" type="stmt"/>
      </file>
    </package>
  </project>
</coverage>
