{"C:\\Users\\anatole\\Projects\\ecoledirecte.js\\lib\\Session.ts": {"path":"C:\\Users\\anatole\\Projects\\ecoledirecte.js\\lib\\Session.ts","statementMap":{"0":{"start":{"line":1,"column":0},"end":{"line":1,"column":null}},"1":{"start":{"line":10,"column":0},"end":{"line":10,"column":52}},"2":{"start":{"line":11,"column":0},"end":{"line":11,"column":66}},"3":{"start":{"line":12,"column":0},"end":{"line":12,"column":36}},"4":{"start":{"line":17,"column":9},"end":{"line":17,"column":36}},"5":{"start":{"line":22,"column":8},"end":{"line":22,"column":42}},"6":{"start":{"line":25,"column":2},"end":{"line":25,"column":59}},"7":{"start":{"line":29,"column":2},"end":{"line":29,"column":24}},"8":{"start":{"line":31,"column":55},"end":{"line":31,"column":59}},"9":{"start":{"line":32,"column":17},"end":{"line":32,"column":48}},"10":{"start":{"line":34,"column":2},"end":{"line":34,"column":27}},"11":{"start":{"line":35,"column":2},"end":{"line":36,"column":64}},"12":{"start":{"line":36,"column":3},"end":{"line":36,"column":64}},"13":{"start":{"line":40,"column":18},"end":{"line":40,"column":56}},"14":{"start":{"line":41,"column":2},"end":{"line":51,"column":null}},"15":{"start":{"line":42,"column":3},"end":{"line":42,"column":28}},"16":{"start":{"line":43,"column":9},"end":{"line":51,"column":null}},"17":{"start":{"line":44,"column":3},"end":{"line":44,"column":27}},"18":{"start":{"line":45,"column":9},"end":{"line":51,"column":null}},"19":{"start":{"line":46,"column":3},"end":{"line":46,"column":28}},"20":{"start":{"line":47,"column":9},"end":{"line":51,"column":null}},"21":{"start":{"line":48,"column":3},"end":{"line":48,"column":26}},"22":{"start":{"line":50,"column":3},"end":{"line":50,"column":77}},"23":{"start":{"line":58,"column":2},"end":{"line":58,"column":64}},"24":{"start":{"line":66,"column":2},"end":{"line":66,"column":30}},"25":{"start":{"line":14,"column":0},"end":{"line":14,"column":13}}},"fnMap":{"0":{"name":"(anonymous_7)","decl":{"start":{"line":24,"column":1},"end":{"line":24,"column":13}},"loc":{"start":{"line":24,"column":47},"end":{"line":26,"column":2}}},"1":{"name":"(anonymous_8)","decl":{"start":{"line":28,"column":7},"end":{"line":28,"column":12}},"loc":{"start":{"line":28,"column":12},"end":{"line":52,"column":null}}},"2":{"name":"(anonymous_10)","decl":{"start":{"line":57,"column":1},"end":{"line":57,"column":5}},"loc":{"start":{"line":57,"column":16},"end":{"line":59,"column":2}}},"3":{"name":"(anonymous_11)","decl":{"start":{"line":65,"column":1},"end":{"line":65,"column":5}},"loc":{"start":{"line":65,"column":10},"end":{"line":67,"column":2}}}},"branchMap":{"0":{"loc":{"start":{"line":35,"column":2},"end":{"line":36,"column":64}},"type":"if","locations":[{"start":{"line":35,"column":2},"end":{"line":36,"column":64}},{"start":{"line":35,"column":2},"end":{"line":36,"column":64}}]},"1":{"loc":{"start":{"line":41,"column":2},"end":{"line":51,"column":null}},"type":"if","locations":[{"start":{"line":41,"column":2},"end":{"line":51,"column":null}},{"start":{"line":41,"column":2},"end":{"line":51,"column":null}}]},"2":{"loc":{"start":{"line":43,"column":9},"end":{"line":51,"column":null}},"type":"if","locations":[{"start":{"line":43,"column":9},"end":{"line":51,"column":null}},{"start":{"line":43,"column":9},"end":{"line":51,"column":null}}]},"3":{"loc":{"start":{"line":45,"column":9},"end":{"line":51,"column":null}},"type":"if","locations":[{"start":{"line":45,"column":9},"end":{"line":51,"column":null}},{"start":{"line":45,"column":9},"end":{"line":51,"column":null}}]},"4":{"loc":{"start":{"line":47,"column":9},"end":{"line":51,"column":null}},"type":"if","locations":[{"start":{"line":47,"column":9},"end":{"line":51,"column":null}},{"start":{"line":47,"column":9},"end":{"line":51,"column":null}}]},"5":{"loc":{"start":{"line":66,"column":22},"end":{"line":66,"column":24}},"type":"cond-expr","locations":[{"start":{"line":66,"column":22},"end":{"line":66,"column":24}},{"start":{"line":66,"column":22},"end":{"line":66,"column":29}}]},"6":{"loc":{"start":{"line":66,"column":2},"end":{"line":66,"column":24}},"type":"binary-expr","locations":[{"start":{"line":66,"column":2},"end":{"line":66,"column":24}},{"start":{"line":66,"column":22},"end":{"line":66,"column":24}}]}},"s":{"0":1,"1":1,"2":1,"3":1,"4":1,"5":1,"6":1,"7":1,"8":1,"9":1,"10":1,"11":1,"12":0,"13":1,"14":1,"15":1,"16":0,"17":0,"18":0,"19":0,"20":0,"21":0,"22":0,"23":3,"24":3,"25":1},"f":{"0":1,"1":1,"2":3,"3":3},"b":{"0":[0,1],"1":[1,0],"2":[0,0],"3":[0,0],"4":[0,0],"5":[0,3],"6":[3,3]}}
,"C:\\Users\\anatole\\Projects\\ecoledirecte.js\\lib\\errors.ts": {"path":"C:\\Users\\anatole\\Projects\\ecoledirecte.js\\lib\\errors.ts","statementMap":{"0":{"start":{"line":3,"column":2},"end":{"line":3,"column":17}},"1":{"start":{"line":4,"column":2},"end":{"line":4,"column":25}},"2":{"start":{"line":1,"column":0},"end":{"line":1,"column":13}}},"fnMap":{"0":{"name":"(anonymous_0)","decl":{"start":{"line":2,"column":1},"end":{"line":2,"column":13}},"loc":{"start":{"line":2,"column":29},"end":{"line":5,"column":2}}}},"branchMap":{},"s":{"0":0,"1":0,"2":1},"f":{"0":0},"b":{}}
,"C:\\Users\\anatole\\Projects\\ecoledirecte.js\\lib\\index.ts": {"path":"C:\\Users\\anatole\\Projects\\ecoledirecte.js\\lib\\index.ts","statementMap":{"0":{"start":{"line":1,"column":0},"end":{"line":1,"column":44}},"1":{"start":{"line":4,"column":18},"end":{"line":4,"column":26}},"2":{"start":{"line":2,"column":0},"end":{"line":2,"column":9}},"3":{"start":{"line":4,"column":9},"end":{"line":2,"column":36}}},"fnMap":{"0":{"name":"(anonymous_6)","decl":{"start":{"line":4,"column":9},"end":{"line":4,"column":16}},"loc":{"start":{"line":4,"column":9},"end":{"line":2,"column":36}}}},"branchMap":{},"s":{"0":1,"1":1,"2":1,"3":2},"f":{"0":1},"b":{}}
,"C:\\Users\\anatole\\Projects\\ecoledirecte.js\\lib\\account_types\\Account.ts": {"path":"C:\\Users\\anatole\\Projects\\ecoledirecte.js\\lib\\account_types\\Account.ts","statementMap":{"0":{"start":{"line":2,"column":0},"end":{"line":2,"column":46}},"1":{"start":{"line":3,"column":0},"end":{"line":3,"column":46}},"2":{"start":{"line":9,"column":33},"end":{"line":9,"column":52}},"3":{"start":{"line":12,"column":2},"end":{"line":13,"column":63}},"4":{"start":{"line":13,"column":3},"end":{"line":13,"column":63}},"5":{"start":{"line":15,"column":22},"end":{"line":15,"column":68}},"6":{"start":{"line":17,"column":2},"end":{"line":17,"column":71}},"7":{"start":{"line":17,"column":22},"end":{"line":17,"column":71}},"8":{"start":{"line":19,"column":2},"end":{"line":19,"column":31}},"9":{"start":{"line":23,"column":2},"end":{"line":23,"column":24}},"10":{"start":{"line":29,"column":2},"end":{"line":29,"column":19}},"11":{"start":{"line":5,"column":0},"end":{"line":5,"column":13}}},"fnMap":{"0":{"name":"(anonymous_0)","decl":{"start":{"line":8,"column":1},"end":{"line":8,"column":13}},"loc":{"start":{"line":8,"column":29},"end":{"line":20,"column":2}}},"1":{"name":"(anonymous_1)","decl":{"start":{"line":22,"column":1},"end":{"line":22,"column":5}},"loc":{"start":{"line":22,"column":9},"end":{"line":24,"column":2}}},"2":{"name":"(anonymous_2)","decl":{"start":{"line":28,"column":1},"end":{"line":28,"column":5}},"loc":{"start":{"line":28,"column":8},"end":{"line":30,"column":2}}}},"branchMap":{"0":{"loc":{"start":{"line":12,"column":2},"end":{"line":13,"column":63}},"type":"if","locations":[{"start":{"line":12,"column":2},"end":{"line":13,"column":63}},{"start":{"line":12,"column":2},"end":{"line":13,"column":63}}]},"1":{"loc":{"start":{"line":12,"column":6},"end":{"line":12,"column":23}},"type":"binary-expr","locations":[{"start":{"line":12,"column":6},"end":{"line":12,"column":23}},{"start":{"line":12,"column":27},"end":{"line":12,"column":54}}]},"2":{"loc":{"start":{"line":17,"column":2},"end":{"line":17,"column":71}},"type":"if","locations":[{"start":{"line":17,"column":2},"end":{"line":17,"column":71}},{"start":{"line":17,"column":2},"end":{"line":17,"column":71}}]}},"s":{"0":1,"1":1,"2":1,"3":1,"4":0,"5":1,"6":1,"7":0,"8":1,"9":0,"10":0,"11":1},"f":{"0":1,"1":0,"2":0},"b":{"0":[0,1],"1":[1,1],"2":[0,1]}}
,"C:\\Users\\anatole\\Projects\\ecoledirecte.js\\lib\\account_types\\Family.ts": {"path":"C:\\Users\\anatole\\Projects\\ecoledirecte.js\\lib\\account_types\\Family.ts","statementMap":{"0":{"start":{"line":1,"column":0},"end":{"line":1,"column":36}},"1":{"start":{"line":4,"column":0},"end":{"line":4,"column":76}},"2":{"start":{"line":5,"column":0},"end":{"line":5,"column":46}},"3":{"start":{"line":13,"column":2},"end":{"line":13,"column":17}},"4":{"start":{"line":12,"column":21},"end":{"line":12,"column":37}},"5":{"start":{"line":8,"column":8},"end":{"line":8,"column":34}},"6":{"start":{"line":14,"column":33},"end":{"line":14,"column":52}},"7":{"start":{"line":16,"column":22},"end":{"line":17,"column":null}},"8":{"start":{"line":20,"column":2},"end":{"line":21,"column":59}},"9":{"start":{"line":21,"column":3},"end":{"line":21,"column":59}},"10":{"start":{"line":23,"column":2},"end":{"line":23,"column":71}},"11":{"start":{"line":23,"column":22},"end":{"line":23,"column":71}},"12":{"start":{"line":25,"column":2},"end":{"line":25,"column":29}},"13":{"start":{"line":26,"column":2},"end":{"line":26,"column":29}},"14":{"start":{"line":7,"column":0},"end":{"line":7,"column":13}}},"fnMap":{"0":{"name":"(anonymous_0)","decl":{"start":{"line":12,"column":1},"end":{"line":12,"column":21}},"loc":{"start":{"line":12,"column":37},"end":{"line":27,"column":2}}}},"branchMap":{"0":{"loc":{"start":{"line":20,"column":2},"end":{"line":21,"column":59}},"type":"if","locations":[{"start":{"line":20,"column":2},"end":{"line":21,"column":59}},{"start":{"line":20,"column":2},"end":{"line":21,"column":59}}]},"1":{"loc":{"start":{"line":23,"column":2},"end":{"line":23,"column":71}},"type":"if","locations":[{"start":{"line":23,"column":2},"end":{"line":23,"column":71}},{"start":{"line":23,"column":2},"end":{"line":23,"column":71}}]}},"s":{"0":1,"1":1,"2":1,"3":0,"4":0,"5":0,"6":0,"7":0,"8":0,"9":0,"10":0,"11":0,"12":0,"13":0,"14":1},"f":{"0":0},"b":{"0":[0,0],"1":[0,0]}}
,"C:\\Users\\anatole\\Projects\\ecoledirecte.js\\lib\\account_types\\Staff.ts": {"path":"C:\\Users\\anatole\\Projects\\ecoledirecte.js\\lib\\account_types\\Staff.ts","statementMap":{"0":{"start":{"line":1,"column":0},"end":{"line":1,"column":36}},"1":{"start":{"line":4,"column":0},"end":{"line":4,"column":74}},"2":{"start":{"line":5,"column":0},"end":{"line":5,"column":46}},"3":{"start":{"line":13,"column":2},"end":{"line":13,"column":17}},"4":{"start":{"line":12,"column":21},"end":{"line":12,"column":37}},"5":{"start":{"line":8,"column":8},"end":{"line":8,"column":32}},"6":{"start":{"line":14,"column":33},"end":{"line":14,"column":52}},"7":{"start":{"line":16,"column":22},"end":{"line":17,"column":null}},"8":{"start":{"line":20,"column":2},"end":{"line":21,"column":58}},"9":{"start":{"line":21,"column":3},"end":{"line":21,"column":58}},"10":{"start":{"line":23,"column":2},"end":{"line":23,"column":71}},"11":{"start":{"line":23,"column":22},"end":{"line":23,"column":71}},"12":{"start":{"line":25,"column":2},"end":{"line":25,"column":29}},"13":{"start":{"line":26,"column":2},"end":{"line":26,"column":29}},"14":{"start":{"line":7,"column":0},"end":{"line":7,"column":13}}},"fnMap":{"0":{"name":"(anonymous_0)","decl":{"start":{"line":12,"column":1},"end":{"line":12,"column":21}},"loc":{"start":{"line":12,"column":37},"end":{"line":27,"column":2}}}},"branchMap":{"0":{"loc":{"start":{"line":20,"column":2},"end":{"line":21,"column":58}},"type":"if","locations":[{"start":{"line":20,"column":2},"end":{"line":21,"column":58}},{"start":{"line":20,"column":2},"end":{"line":21,"column":58}}]},"1":{"loc":{"start":{"line":23,"column":2},"end":{"line":23,"column":71}},"type":"if","locations":[{"start":{"line":23,"column":2},"end":{"line":23,"column":71}},{"start":{"line":23,"column":2},"end":{"line":23,"column":71}}]}},"s":{"0":1,"1":1,"2":1,"3":0,"4":0,"5":0,"6":0,"7":0,"8":0,"9":0,"10":0,"11":0,"12":0,"13":0,"14":1},"f":{"0":0},"b":{"0":[0,0],"1":[0,0]}}
,"C:\\Users\\anatole\\Projects\\ecoledirecte.js\\lib\\account_types\\Student.ts": {"path":"C:\\Users\\anatole\\Projects\\ecoledirecte.js\\lib\\account_types\\Student.ts","statementMap":{"0":{"start":{"line":3,"column":0},"end":{"line":3,"column":36}},"1":{"start":{"line":6,"column":0},"end":{"line":6,"column":null}},"2":{"start":{"line":12,"column":0},"end":{"line":12,"column":null}},"3":{"start":{"line":18,"column":0},"end":{"line":18,"column":37}},"4":{"start":{"line":26,"column":2},"end":{"line":26,"column":17}},"5":{"start":{"line":25,"column":21},"end":{"line":25,"column":37}},"6":{"start":{"line":21,"column":8},"end":{"line":21,"column":36}},"7":{"start":{"line":27,"column":33},"end":{"line":27,"column":52}},"8":{"start":{"line":29,"column":22},"end":{"line":30,"column":null}},"9":{"start":{"line":33,"column":2},"end":{"line":34,"column":59}},"10":{"start":{"line":34,"column":3},"end":{"line":34,"column":59}},"11":{"start":{"line":36,"column":2},"end":{"line":36,"column":71}},"12":{"start":{"line":36,"column":22},"end":{"line":36,"column":71}},"13":{"start":{"line":38,"column":2},"end":{"line":38,"column":29}},"14":{"start":{"line":39,"column":2},"end":{"line":39,"column":29}},"15":{"start":{"line":43,"column":12},"end":{"line":43,"column":27}},"16":{"start":{"line":44,"column":19},"end":{"line":44,"column":72}},"17":{"start":{"line":45,"column":2},"end":{"line":46,"column":64}},"18":{"start":{"line":46,"column":3},"end":{"line":46,"column":64}},"19":{"start":{"line":48,"column":19},"end":{"line":48,"column":32}},"20":{"start":{"line":49,"column":18},"end":{"line":49,"column":45}},"21":{"start":{"line":50,"column":2},"end":{"line":50,"column":17}},"22":{"start":{"line":53,"column":65},"end":{"line":53,"column":null}},"23":{"start":{"line":20,"column":0},"end":{"line":20,"column":13}}},"fnMap":{"0":{"name":"(anonymous_7)","decl":{"start":{"line":25,"column":1},"end":{"line":25,"column":21}},"loc":{"start":{"line":25,"column":37},"end":{"line":40,"column":2}}},"1":{"name":"(anonymous_8)","decl":{"start":{"line":42,"column":7},"end":{"line":42,"column":18}},"loc":{"start":{"line":42,"column":47},"end":{"line":51,"column":null}}},"2":{"name":"(anonymous_10)","decl":{"start":{"line":53,"column":7},"end":{"line":53,"column":18}},"loc":{"start":{"line":53,"column":62},"end":{"line":53,"column":null}}},"3":{"name":"(anonymous_11)","decl":{"start":{"line":53,"column":65},"end":{"line":53,"column":66}},"loc":{"start":{"line":53,"column":65},"end":{"line":53,"column":66}}}},"branchMap":{"0":{"loc":{"start":{"line":33,"column":2},"end":{"line":34,"column":59}},"type":"if","locations":[{"start":{"line":33,"column":2},"end":{"line":34,"column":59}},{"start":{"line":33,"column":2},"end":{"line":34,"column":59}}]},"1":{"loc":{"start":{"line":36,"column":2},"end":{"line":36,"column":71}},"type":"if","locations":[{"start":{"line":36,"column":2},"end":{"line":36,"column":71}},{"start":{"line":36,"column":2},"end":{"line":36,"column":71}}]},"2":{"loc":{"start":{"line":45,"column":2},"end":{"line":46,"column":64}},"type":"if","locations":[{"start":{"line":45,"column":2},"end":{"line":46,"column":64}},{"start":{"line":45,"column":2},"end":{"line":46,"column":64}}]},"3":{"loc":{"start":{"line":53,"column":52},"end":{"line":53,"column":62}},"type":"default-arg","locations":[{"start":{"line":53,"column":52},"end":{"line":53,"column":62}}]}},"s":{"0":1,"1":1,"2":1,"3":1,"4":1,"5":1,"6":1,"7":1,"8":1,"9":1,"10":0,"11":1,"12":0,"13":1,"14":1,"15":1,"16":1,"17":1,"18":0,"19":1,"20":1,"21":1,"22":0,"23":1},"f":{"0":1,"1":1,"2":0,"3":0},"b":{"0":[0,1],"1":[0,1],"2":[0,1],"3":[0]}}
,"C:\\Users\\anatole\\Projects\\ecoledirecte.js\\lib\\account_types\\Teacher.ts": {"path":"C:\\Users\\anatole\\Projects\\ecoledirecte.js\\lib\\account_types\\Teacher.ts","statementMap":{"0":{"start":{"line":1,"column":0},"end":{"line":1,"column":36}},"1":{"start":{"line":4,"column":0},"end":{"line":4,"column":78}},"2":{"start":{"line":5,"column":0},"end":{"line":5,"column":46}},"3":{"start":{"line":13,"column":2},"end":{"line":13,"column":17}},"4":{"start":{"line":12,"column":21},"end":{"line":12,"column":37}},"5":{"start":{"line":8,"column":8},"end":{"line":8,"column":36}},"6":{"start":{"line":14,"column":33},"end":{"line":14,"column":52}},"7":{"start":{"line":16,"column":22},"end":{"line":17,"column":null}},"8":{"start":{"line":20,"column":2},"end":{"line":21,"column":60}},"9":{"start":{"line":21,"column":3},"end":{"line":21,"column":60}},"10":{"start":{"line":23,"column":2},"end":{"line":23,"column":71}},"11":{"start":{"line":23,"column":22},"end":{"line":23,"column":71}},"12":{"start":{"line":25,"column":2},"end":{"line":25,"column":29}},"13":{"start":{"line":26,"column":2},"end":{"line":26,"column":29}},"14":{"start":{"line":7,"column":0},"end":{"line":7,"column":13}}},"fnMap":{"0":{"name":"(anonymous_0)","decl":{"start":{"line":12,"column":1},"end":{"line":12,"column":21}},"loc":{"start":{"line":12,"column":37},"end":{"line":27,"column":2}}}},"branchMap":{"0":{"loc":{"start":{"line":20,"column":2},"end":{"line":21,"column":60}},"type":"if","locations":[{"start":{"line":20,"column":2},"end":{"line":21,"column":60}},{"start":{"line":20,"column":2},"end":{"line":21,"column":60}}]},"1":{"loc":{"start":{"line":23,"column":2},"end":{"line":23,"column":71}},"type":"if","locations":[{"start":{"line":23,"column":2},"end":{"line":23,"column":71}},{"start":{"line":23,"column":2},"end":{"line":23,"column":71}}]}},"s":{"0":1,"1":1,"2":1,"3":0,"4":0,"5":0,"6":0,"7":0,"8":0,"9":0,"10":0,"11":0,"12":0,"13":0,"14":1},"f":{"0":0},"b":{"0":[0,0],"1":[0,0]}}
,"C:\\Users\\anatole\\Projects\\ecoledirecte.js\\lib\\account_types\\index.ts": {"path":"C:\\Users\\anatole\\Projects\\ecoledirecte.js\\lib\\account_types\\index.ts","statementMap":{"0":{"start":{"line":1,"column":0},"end":{"line":1,"column":9}},"1":{"start":{"line":6,"column":9},"end":{"line":1,"column":34}},"2":{"start":{"line":2,"column":0},"end":{"line":2,"column":9}},"3":{"start":{"line":6,"column":17},"end":{"line":2,"column":32}},"4":{"start":{"line":3,"column":0},"end":{"line":3,"column":9}},"5":{"start":{"line":6,"column":24},"end":{"line":3,"column":36}},"6":{"start":{"line":4,"column":0},"end":{"line":4,"column":9}},"7":{"start":{"line":6,"column":33},"end":{"line":4,"column":36}}},"fnMap":{"0":{"name":"(anonymous_0)","decl":{"start":{"line":6,"column":9},"end":{"line":6,"column":15}},"loc":{"start":{"line":6,"column":9},"end":{"line":1,"column":34}}},"1":{"name":"(anonymous_1)","decl":{"start":{"line":6,"column":17},"end":{"line":6,"column":22}},"loc":{"start":{"line":6,"column":17},"end":{"line":2,"column":32}}},"2":{"name":"(anonymous_2)","decl":{"start":{"line":6,"column":24},"end":{"line":6,"column":31}},"loc":{"start":{"line":6,"column":24},"end":{"line":3,"column":36}}},"3":{"name":"(anonymous_3)","decl":{"start":{"line":6,"column":33},"end":{"line":6,"column":40}},"loc":{"start":{"line":6,"column":33},"end":{"line":4,"column":36}}}},"branchMap":{},"s":{"0":1,"1":1,"2":1,"3":1,"4":1,"5":2,"6":1,"7":1},"f":{"0":0,"1":0,"2":1,"3":0},"b":{}}
,"C:\\Users\\anatole\\Projects\\ecoledirecte.js\\lib\\functions\\index.ts": {"path":"C:\\Users\\anatole\\Projects\\ecoledirecte.js\\lib\\functions\\index.ts","statementMap":{"0":{"start":{"line":1,"column":0},"end":{"line":1,"column":9}},"1":{"start":{"line":4,"column":9},"end":{"line":1,"column":16}},"2":{"start":{"line":4,"column":16},"end":{"line":1,"column":48}},"3":{"start":{"line":2,"column":0},"end":{"line":2,"column":9}},"4":{"start":{"line":5,"column":9},"end":{"line":2,"column":35}},"5":{"start":{"line":9,"column":0},"end":{"line":9,"column":9}},"6":{"start":{"line":12,"column":9},"end":{"line":9,"column":22}},"7":{"start":{"line":12,"column":22},"end":{"line":9,"column":66}},"8":{"start":{"line":10,"column":0},"end":{"line":10,"column":9}},"9":{"start":{"line":12,"column":39},"end":{"line":10,"column":55}},"10":{"start":{"line":16,"column":0},"end":{"line":16,"column":9}},"11":{"start":{"line":18,"column":9},"end":{"line":16,"column":48}}},"fnMap":{"0":{"name":"(anonymous_0)","decl":{"start":{"line":4,"column":9},"end":{"line":4,"column":14}},"loc":{"start":{"line":4,"column":9},"end":{"line":1,"column":16}}},"1":{"name":"(anonymous_1)","decl":{"start":{"line":4,"column":16},"end":{"line":4,"column":30}},"loc":{"start":{"line":4,"column":16},"end":{"line":1,"column":48}}},"2":{"name":"(anonymous_2)","decl":{"start":{"line":5,"column":9},"end":{"line":5,"column":18}},"loc":{"start":{"line":5,"column":9},"end":{"line":2,"column":35}}},"3":{"name":"(anonymous_3)","decl":{"start":{"line":12,"column":9},"end":{"line":12,"column":20}},"loc":{"start":{"line":12,"column":9},"end":{"line":9,"column":22}}},"4":{"name":"(anonymous_4)","decl":{"start":{"line":12,"column":22},"end":{"line":12,"column":37}},"loc":{"start":{"line":12,"column":22},"end":{"line":9,"column":66}}},"5":{"name":"(anonymous_5)","decl":{"start":{"line":12,"column":39},"end":{"line":12,"column":56}},"loc":{"start":{"line":12,"column":39},"end":{"line":10,"column":55}}},"6":{"name":"(anonymous_6)","decl":{"start":{"line":18,"column":9},"end":{"line":18,"column":20}},"loc":{"start":{"line":18,"column":9},"end":{"line":16,"column":48}}}},"branchMap":{},"s":{"0":1,"1":2,"2":4,"3":1,"4":2,"5":1,"6":1,"7":2,"8":1,"9":2,"10":1,"11":1},"f":{"0":1,"1":3,"2":1,"3":0,"4":1,"5":1,"6":0},"b":{}}
,"C:\\Users\\anatole\\Projects\\ecoledirecte.js\\lib\\functions\\login.ts": {"path":"C:\\Users\\anatole\\Projects\\ecoledirecte.js\\lib\\functions\\login.ts","statementMap":{"0":{"start":{"line":1,"column":0},"end":{"line":1,"column":31}},"1":{"start":{"line":9,"column":18},"end":{"line":9,"column":39}},"2":{"start":{"line":10,"column":1},"end":{"line":17,"column":3}},"3":{"start":{"line":19,"column":13},"end":{"line":22,"column":3}},"4":{"start":{"line":23,"column":23},"end":{"line":23,"column":41}},"5":{"start":{"line":24,"column":1},"end":{"line":24,"column":13}},"6":{"start":{"line":8,"column":0},"end":{"line":8,"column":22}},"7":{"start":{"line":31,"column":21},"end":{"line":31,"column":76}},"8":{"start":{"line":31,"column":44},"end":{"line":31,"column":52}},"9":{"start":{"line":32,"column":1},"end":{"line":32,"column":20}},"10":{"start":{"line":30,"column":0},"end":{"line":30,"column":16}}},"fnMap":{"0":{"name":"login","decl":{"start":{"line":8,"column":22},"end":{"line":8,"column":27}},"loc":{"start":{"line":8,"column":62},"end":{"line":25,"column":null}}},"1":{"name":"getMainAccount","decl":{"start":{"line":30,"column":16},"end":{"line":30,"column":30}},"loc":{"start":{"line":30,"column":55},"end":{"line":33,"column":1}}},"2":{"name":"(anonymous_11)","decl":{"start":{"line":31,"column":35},"end":{"line":31,"column":36}},"loc":{"start":{"line":31,"column":44},"end":{"line":31,"column":52}}}},"branchMap":{"0":{"loc":{"start":{"line":31,"column":21},"end":{"line":31,"column":53}},"type":"binary-expr","locations":[{"start":{"line":31,"column":21},"end":{"line":31,"column":53}},{"start":{"line":31,"column":57},"end":{"line":31,"column":68}},{"start":{"line":31,"column":72},"end":{"line":31,"column":76}}]}},"s":{"0":1,"1":1,"2":1,"3":1,"4":1,"5":1,"6":1,"7":3,"8":3,"9":3,"10":1},"f":{"0":1,"1":3,"2":3},"b":{"0":[3,0,0]}}
,"C:\\Users\\anatole\\Projects\\ecoledirecte.js\\lib\\functions\\util.ts": {"path":"C:\\Users\\anatole\\Projects\\ecoledirecte.js\\lib\\functions\\util.ts","statementMap":{"0":{"start":{"line":2,"column":11},"end":{"line":2,"column":25}},"1":{"start":{"line":3,"column":1},"end":{"line":3,"column":57}},"2":{"start":{"line":3,"column":25},"end":{"line":3,"column":57}},"3":{"start":{"line":5,"column":1},"end":{"line":9,"column":13}},"4":{"start":{"line":1,"column":0},"end":{"line":1,"column":16}}},"fnMap":{"0":{"name":"toISODate","decl":{"start":{"line":1,"column":16},"end":{"line":1,"column":25}},"loc":{"start":{"line":1,"column":54},"end":{"line":10,"column":1}}}},"branchMap":{"0":{"loc":{"start":{"line":3,"column":1},"end":{"line":3,"column":57}},"type":"if","locations":[{"start":{"line":3,"column":1},"end":{"line":3,"column":57}},{"start":{"line":3,"column":1},"end":{"line":3,"column":57}}]}},"s":{"0":2,"1":2,"2":0,"3":2,"4":1},"f":{"0":2},"b":{"0":[0,2]}}
,"C:\\Users\\anatole\\Projects\\ecoledirecte.js\\lib\\functions\\student\\mailbox.ts": {"path":"C:\\Users\\anatole\\Projects\\ecoledirecte.js\\lib\\functions\\student\\mailbox.ts","statementMap":{"0":{"start":{"line":1,"column":0},"end":{"line":1,"column":31}},"1":{"start":{"line":10,"column":18},"end":{"line":10,"column":39}},"2":{"start":{"line":11,"column":1},"end":{"line":16,"column":3}},"3":{"start":{"line":17,"column":13},"end":{"line":22,"column":null}},"4":{"start":{"line":24,"column":25},"end":{"line":24,"column":43}},"5":{"start":{"line":25,"column":1},"end":{"line":25,"column":13}},"6":{"start":{"line":5,"column":0},"end":{"line":5,"column":22}}},"fnMap":{"0":{"name":"getMessages","decl":{"start":{"line":5,"column":22},"end":{"line":5,"column":33}},"loc":{"start":{"line":8,"column":44},"end":{"line":26,"column":null}}}},"branchMap":{"0":{"loc":{"start":{"line":8,"column":34},"end":{"line":8,"column":44}},"type":"default-arg","locations":[{"start":{"line":8,"column":34},"end":{"line":8,"column":44}}]}},"s":{"0":1,"1":0,"2":0,"3":0,"4":0,"5":0,"6":1},"f":{"0":0},"b":{"0":[0]}}
,"C:\\Users\\anatole\\Projects\\ecoledirecte.js\\lib\\functions\\student\\textbook.ts": {"path":"C:\\Users\\anatole\\Projects\\ecoledirecte.js\\lib\\functions\\student\\textbook.ts","statementMap":{"0":{"start":{"line":1,"column":0},"end":{"line":1,"column":31}},"1":{"start":{"line":2,"column":0},"end":{"line":2,"column":42}},"2":{"start":{"line":6,"column":0},"end":{"line":6,"column":36}},"3":{"start":{"line":13,"column":18},"end":{"line":13,"column":39}},"4":{"start":{"line":14,"column":1},"end":{"line":19,"column":3}},"5":{"start":{"line":21,"column":13},"end":{"line":26,"column":null}},"6":{"start":{"line":28,"column":26},"end":{"line":28,"column":44}},"7":{"start":{"line":29,"column":1},"end":{"line":29,"column":13}},"8":{"start":{"line":12,"column":0},"end":{"line":12,"column":22}},"9":{"start":{"line":38,"column":18},"end":{"line":38,"column":39}},"10":{"start":{"line":39,"column":1},"end":{"line":44,"column":3}},"11":{"start":{"line":45,"column":13},"end":{"line":50,"column":null}},"12":{"start":{"line":52,"column":30},"end":{"line":52,"column":48}},"13":{"start":{"line":53,"column":1},"end":{"line":53,"column":13}},"14":{"start":{"line":37,"column":0},"end":{"line":37,"column":22}},"15":{"start":{"line":60,"column":22},"end":{"line":60,"column":35}},"16":{"start":{"line":61,"column":14},"end":{"line":61,"column":34}},"17":{"start":{"line":62,"column":32},"end":{"line":86,"column":4}},"18":{"start":{"line":62,"column":57},"end":{"line":86,"column":3}},"19":{"start":{"line":87,"column":1},"end":{"line":87,"column":16}},"20":{"start":{"line":56,"column":0},"end":{"line":56,"column":16}}},"fnMap":{"0":{"name":"getTextbook","decl":{"start":{"line":12,"column":22},"end":{"line":12,"column":33}},"loc":{"start":{"line":12,"column":59},"end":{"line":30,"column":null}}},"1":{"name":"getTextbookPage","decl":{"start":{"line":37,"column":22},"end":{"line":37,"column":37}},"loc":{"start":{"line":37,"column":77},"end":{"line":54,"column":null}}},"2":{"name":"cleanAssignements","decl":{"start":{"line":56,"column":16},"end":{"line":56,"column":33}},"loc":{"start":{"line":59,"column":1},"end":{"line":88,"column":1}}},"3":{"name":"(anonymous_13)","decl":{"start":{"line":62,"column":49},"end":{"line":62,"column":50}},"loc":{"start":{"line":62,"column":57},"end":{"line":86,"column":3}}}},"branchMap":{"0":{"loc":{"start":{"line":70,"column":40},"end":{"line":70,"column":59}},"type":"cond-expr","locations":[{"start":{"line":70,"column":40},"end":{"line":70,"column":59}},{"start":{"line":70,"column":62},"end":{"line":70,"column":71}}]}},"s":{"0":1,"1":1,"2":1,"3":0,"4":0,"5":0,"6":0,"7":0,"8":1,"9":1,"10":1,"11":1,"12":1,"13":1,"14":1,"15":1,"16":1,"17":1,"18":3,"19":1,"20":1},"f":{"0":0,"1":1,"2":1,"3":3},"b":{"0":[3,0]}}
,"C:\\Users\\anatole\\Projects\\ecoledirecte.js\\lib\\types\\failureRes.ts": {"path":"C:\\Users\\anatole\\Projects\\ecoledirecte.js\\lib\\types\\failureRes.ts","statementMap":{"0":{"start":{"line":12,"column":1},"end":{"line":16,"column":null}},"1":{"start":{"line":13,"column":2},"end":{"line":13,"column":42}},"2":{"start":{"line":15,"column":2},"end":{"line":15,"column":14}},"3":{"start":{"line":11,"column":0},"end":{"line":11,"column":16}}},"fnMap":{"0":{"name":"isFailure","decl":{"start":{"line":11,"column":16},"end":{"line":11,"column":25}},"loc":{"start":{"line":11,"column":35},"end":{"line":17,"column":1}}}},"branchMap":{"0":{"loc":{"start":{"line":13,"column":9},"end":{"line":13,"column":20}},"type":"binary-expr","locations":[{"start":{"line":13,"column":9},"end":{"line":13,"column":20}},{"start":{"line":13,"column":24},"end":{"line":13,"column":41}}]}},"s":{"0":5,"1":5,"2":0,"3":2},"f":{"0":5},"b":{"0":[5,1]}}
,"C:\\Users\\anatole\\Projects\\ecoledirecte.js\\lib\\types\\index.ts": {"path":"C:\\Users\\anatole\\Projects\\ecoledirecte.js\\lib\\types\\index.ts","statementMap":{"0":{"start":{"line":1,"column":0},"end":{"line":1,"column":22}},"1":{"start":{"line":2,"column":9},"end":{"line":1,"column":54}},"2":{"start":{"line":6,"column":0},"end":{"line":6,"column":24}},"3":{"start":{"line":12,"column":24},"end":{"line":6,"column":57}},"4":{"start":{"line":7,"column":0},"end":{"line":7,"column":23}},"5":{"start":{"line":13,"column":23},"end":{"line":7,"column":55}},"6":{"start":{"line":8,"column":0},"end":{"line":8,"column":25}},"7":{"start":{"line":14,"column":25},"end":{"line":8,"column":59}},"8":{"start":{"line":9,"column":0},"end":{"line":9,"column":25}},"9":{"start":{"line":15,"column":25},"end":{"line":9,"column":59}}},"fnMap":{"0":{"name":"(anonymous_0)","decl":{"start":{"line":2,"column":9},"end":{"line":2,"column":18}},"loc":{"start":{"line":2,"column":9},"end":{"line":1,"column":54}}},"1":{"name":"(anonymous_1)","decl":{"start":{"line":12,"column":24},"end":{"line":12,"column":39}},"loc":{"start":{"line":12,"column":24},"end":{"line":6,"column":57}}},"2":{"name":"(anonymous_2)","decl":{"start":{"line":13,"column":23},"end":{"line":13,"column":37}},"loc":{"start":{"line":13,"column":23},"end":{"line":7,"column":55}}},"3":{"name":"(anonymous_3)","decl":{"start":{"line":14,"column":25},"end":{"line":14,"column":41}},"loc":{"start":{"line":14,"column":25},"end":{"line":8,"column":59}}},"4":{"name":"(anonymous_4)","decl":{"start":{"line":15,"column":25},"end":{"line":15,"column":41}},"loc":{"start":{"line":15,"column":25},"end":{"line":9,"column":59}}}},"branchMap":{},"s":{"0":2,"1":7,"2":2,"3":2,"4":2,"5":2,"6":2,"7":4,"8":2,"9":2},"f":{"0":5,"1":0,"2":0,"3":2,"4":0},"b":{}}
,"C:\\Users\\anatole\\Projects\\ecoledirecte.js\\lib\\types\\login.ts": {"path":"C:\\Users\\anatole\\Projects\\ecoledirecte.js\\lib\\types\\login.ts","statementMap":{"0":{"start":{"line":245,"column":1},"end":{"line":245,"column":35}},"1":{"start":{"line":244,"column":0},"end":{"line":244,"column":16}},"2":{"start":{"line":252,"column":1},"end":{"line":252,"column":35}},"3":{"start":{"line":251,"column":0},"end":{"line":251,"column":16}},"4":{"start":{"line":259,"column":1},"end":{"line":259,"column":35}},"5":{"start":{"line":258,"column":0},"end":{"line":258,"column":16}},"6":{"start":{"line":266,"column":1},"end":{"line":266,"column":35}},"7":{"start":{"line":265,"column":0},"end":{"line":265,"column":16}}},"fnMap":{"0":{"name":"isStudentAccount","decl":{"start":{"line":244,"column":16},"end":{"line":244,"column":32}},"loc":{"start":{"line":244,"column":49},"end":{"line":246,"column":1}}},"1":{"name":"isTeacherAccount","decl":{"start":{"line":251,"column":16},"end":{"line":251,"column":32}},"loc":{"start":{"line":251,"column":49},"end":{"line":253,"column":1}}},"2":{"name":"isFamilyAccount","decl":{"start":{"line":258,"column":16},"end":{"line":258,"column":31}},"loc":{"start":{"line":258,"column":48},"end":{"line":260,"column":1}}},"3":{"name":"isStaffAccount","decl":{"start":{"line":265,"column":16},"end":{"line":265,"column":30}},"loc":{"start":{"line":265,"column":47},"end":{"line":267,"column":1}}}},"branchMap":{},"s":{"0":2,"1":2,"2":0,"3":2,"4":0,"5":2,"6":0,"7":2},"f":{"0":2,"1":0,"2":0,"3":0},"b":{}}
}
