{"C:\\Users\\anatole\\Projects\\ecoledirecte.js\\lib\\Session.ts": {"path":"C:\\Users\\anatole\\Projects\\ecoledirecte.js\\lib\\Session.ts","statementMap":{"0":{"start":{"line":2,"column":0},"end":{"line":2,"column":null}},"1":{"start":{"line":11,"column":0},"end":{"line":11,"column":66}},"2":{"start":{"line":16,"column":9},"end":{"line":16,"column":36}},"3":{"start":{"line":21,"column":8},"end":{"line":21,"column":42}},"4":{"start":{"line":24,"column":2},"end":{"line":24,"column":59}},"5":{"start":{"line":28,"column":2},"end":{"line":28,"column":24}},"6":{"start":{"line":30,"column":55},"end":{"line":30,"column":59}},"7":{"start":{"line":31,"column":17},"end":{"line":31,"column":48}},"8":{"start":{"line":33,"column":2},"end":{"line":33,"column":27}},"9":{"start":{"line":34,"column":2},"end":{"line":35,"column":66}},"10":{"start":{"line":35,"column":3},"end":{"line":35,"column":66}},"11":{"start":{"line":39,"column":18},"end":{"line":39,"column":56}},"12":{"start":{"line":40,"column":2},"end":{"line":50,"column":null}},"13":{"start":{"line":41,"column":3},"end":{"line":41,"column":28}},"14":{"start":{"line":42,"column":9},"end":{"line":50,"column":null}},"15":{"start":{"line":43,"column":3},"end":{"line":43,"column":27}},"16":{"start":{"line":44,"column":9},"end":{"line":50,"column":null}},"17":{"start":{"line":45,"column":3},"end":{"line":45,"column":28}},"18":{"start":{"line":46,"column":9},"end":{"line":50,"column":null}},"19":{"start":{"line":47,"column":3},"end":{"line":47,"column":26}},"20":{"start":{"line":49,"column":3},"end":{"line":49,"column":73}},"21":{"start":{"line":57,"column":2},"end":{"line":57,"column":64}},"22":{"start":{"line":65,"column":2},"end":{"line":65,"column":30}},"23":{"start":{"line":13,"column":0},"end":{"line":13,"column":13}}},"fnMap":{"0":{"name":"(anonymous_7)","decl":{"start":{"line":23,"column":1},"end":{"line":23,"column":13}},"loc":{"start":{"line":23,"column":47},"end":{"line":25,"column":2}}},"1":{"name":"(anonymous_8)","decl":{"start":{"line":27,"column":7},"end":{"line":27,"column":12}},"loc":{"start":{"line":27,"column":12},"end":{"line":51,"column":null}}},"2":{"name":"(anonymous_10)","decl":{"start":{"line":56,"column":1},"end":{"line":56,"column":5}},"loc":{"start":{"line":56,"column":16},"end":{"line":58,"column":2}}},"3":{"name":"(anonymous_11)","decl":{"start":{"line":64,"column":1},"end":{"line":64,"column":5}},"loc":{"start":{"line":64,"column":10},"end":{"line":66,"column":2}}}},"branchMap":{"0":{"loc":{"start":{"line":34,"column":2},"end":{"line":35,"column":66}},"type":"if","locations":[{"start":{"line":34,"column":2},"end":{"line":35,"column":66}},{"start":{"line":34,"column":2},"end":{"line":35,"column":66}}]},"1":{"loc":{"start":{"line":40,"column":2},"end":{"line":50,"column":null}},"type":"if","locations":[{"start":{"line":40,"column":2},"end":{"line":50,"column":null}},{"start":{"line":40,"column":2},"end":{"line":50,"column":null}}]},"2":{"loc":{"start":{"line":42,"column":9},"end":{"line":50,"column":null}},"type":"if","locations":[{"start":{"line":42,"column":9},"end":{"line":50,"column":null}},{"start":{"line":42,"column":9},"end":{"line":50,"column":null}}]},"3":{"loc":{"start":{"line":44,"column":9},"end":{"line":50,"column":null}},"type":"if","locations":[{"start":{"line":44,"column":9},"end":{"line":50,"column":null}},{"start":{"line":44,"column":9},"end":{"line":50,"column":null}}]},"4":{"loc":{"start":{"line":46,"column":9},"end":{"line":50,"column":null}},"type":"if","locations":[{"start":{"line":46,"column":9},"end":{"line":50,"column":null}},{"start":{"line":46,"column":9},"end":{"line":50,"column":null}}]},"5":{"loc":{"start":{"line":65,"column":22},"end":{"line":65,"column":24}},"type":"cond-expr","locations":[{"start":{"line":65,"column":22},"end":{"line":65,"column":24}},{"start":{"line":65,"column":22},"end":{"line":65,"column":29}}]},"6":{"loc":{"start":{"line":65,"column":2},"end":{"line":65,"column":24}},"type":"binary-expr","locations":[{"start":{"line":65,"column":2},"end":{"line":65,"column":24}},{"start":{"line":65,"column":22},"end":{"line":65,"column":24}}]}},"s":{"0":1,"1":1,"2":1,"3":1,"4":1,"5":1,"6":1,"7":1,"8":1,"9":1,"10":0,"11":1,"12":1,"13":1,"14":0,"15":0,"16":0,"17":0,"18":0,"19":0,"20":0,"21":2,"22":3,"23":1},"f":{"0":1,"1":1,"2":2,"3":3},"b":{"0":[0,1],"1":[1,0],"2":[0,0],"3":[0,0],"4":[0,0],"5":[0,3],"6":[3,3]}}
,"C:\\Users\\anatole\\Projects\\ecoledirecte.js\\lib\\index.ts": {"path":"C:\\Users\\anatole\\Projects\\ecoledirecte.js\\lib\\index.ts","statementMap":{"0":{"start":{"line":1,"column":0},"end":{"line":1,"column":44}},"1":{"start":{"line":4,"column":18},"end":{"line":4,"column":26}},"2":{"start":{"line":2,"column":0},"end":{"line":2,"column":9}},"3":{"start":{"line":4,"column":9},"end":{"line":2,"column":36}}},"fnMap":{"0":{"name":"(anonymous_6)","decl":{"start":{"line":4,"column":9},"end":{"line":4,"column":16}},"loc":{"start":{"line":4,"column":9},"end":{"line":2,"column":36}}}},"branchMap":{},"s":{"0":1,"1":1,"2":1,"3":2},"f":{"0":1},"b":{}}
,"C:\\Users\\anatole\\Projects\\ecoledirecte.js\\lib\\account_types\\Account.ts": {"path":"C:\\Users\\anatole\\Projects\\ecoledirecte.js\\lib\\account_types\\Account.ts","statementMap":{"0":{"start":{"line":3,"column":0},"end":{"line":3,"column":57}},"1":{"start":{"line":9,"column":33},"end":{"line":9,"column":52}},"2":{"start":{"line":12,"column":2},"end":{"line":13,"column":59}},"3":{"start":{"line":13,"column":3},"end":{"line":13,"column":59}},"4":{"start":{"line":15,"column":22},"end":{"line":15,"column":68}},"5":{"start":{"line":17,"column":2},"end":{"line":17,"column":67}},"6":{"start":{"line":17,"column":22},"end":{"line":17,"column":67}},"7":{"start":{"line":19,"column":2},"end":{"line":19,"column":31}},"8":{"start":{"line":23,"column":2},"end":{"line":23,"column":24}},"9":{"start":{"line":5,"column":0},"end":{"line":5,"column":13}}},"fnMap":{"0":{"name":"(anonymous_0)","decl":{"start":{"line":8,"column":1},"end":{"line":8,"column":13}},"loc":{"start":{"line":8,"column":29},"end":{"line":20,"column":2}}},"1":{"name":"(anonymous_1)","decl":{"start":{"line":22,"column":1},"end":{"line":22,"column":5}},"loc":{"start":{"line":22,"column":8},"end":{"line":24,"column":2}}}},"branchMap":{"0":{"loc":{"start":{"line":12,"column":2},"end":{"line":13,"column":59}},"type":"if","locations":[{"start":{"line":12,"column":2},"end":{"line":13,"column":59}},{"start":{"line":12,"column":2},"end":{"line":13,"column":59}}]},"1":{"loc":{"start":{"line":12,"column":6},"end":{"line":12,"column":23}},"type":"binary-expr","locations":[{"start":{"line":12,"column":6},"end":{"line":12,"column":23}},{"start":{"line":12,"column":27},"end":{"line":12,"column":54}}]},"2":{"loc":{"start":{"line":17,"column":2},"end":{"line":17,"column":67}},"type":"if","locations":[{"start":{"line":17,"column":2},"end":{"line":17,"column":67}},{"start":{"line":17,"column":2},"end":{"line":17,"column":67}}]}},"s":{"0":1,"1":1,"2":1,"3":0,"4":1,"5":1,"6":0,"7":1,"8":0,"9":1},"f":{"0":1,"1":0},"b":{"0":[0,1],"1":[1,1],"2":[0,1]}}
,"C:\\Users\\anatole\\Projects\\ecoledirecte.js\\lib\\account_types\\Family.ts": {"path":"C:\\Users\\anatole\\Projects\\ecoledirecte.js\\lib\\account_types\\Family.ts","statementMap":{"0":{"start":{"line":1,"column":0},"end":{"line":1,"column":36}},"1":{"start":{"line":5,"column":0},"end":{"line":5,"column":63}},"2":{"start":{"line":13,"column":2},"end":{"line":13,"column":17}},"3":{"start":{"line":12,"column":21},"end":{"line":12,"column":37}},"4":{"start":{"line":8,"column":8},"end":{"line":8,"column":34}},"5":{"start":{"line":14,"column":33},"end":{"line":14,"column":52}},"6":{"start":{"line":16,"column":22},"end":{"line":17,"column":null}},"7":{"start":{"line":20,"column":2},"end":{"line":21,"column":55}},"8":{"start":{"line":21,"column":3},"end":{"line":21,"column":55}},"9":{"start":{"line":23,"column":2},"end":{"line":23,"column":67}},"10":{"start":{"line":23,"column":22},"end":{"line":23,"column":67}},"11":{"start":{"line":25,"column":2},"end":{"line":25,"column":29}},"12":{"start":{"line":26,"column":2},"end":{"line":26,"column":29}},"13":{"start":{"line":7,"column":0},"end":{"line":7,"column":13}}},"fnMap":{"0":{"name":"(anonymous_0)","decl":{"start":{"line":12,"column":1},"end":{"line":12,"column":21}},"loc":{"start":{"line":12,"column":37},"end":{"line":27,"column":2}}}},"branchMap":{"0":{"loc":{"start":{"line":20,"column":2},"end":{"line":21,"column":55}},"type":"if","locations":[{"start":{"line":20,"column":2},"end":{"line":21,"column":55}},{"start":{"line":20,"column":2},"end":{"line":21,"column":55}}]},"1":{"loc":{"start":{"line":23,"column":2},"end":{"line":23,"column":67}},"type":"if","locations":[{"start":{"line":23,"column":2},"end":{"line":23,"column":67}},{"start":{"line":23,"column":2},"end":{"line":23,"column":67}}]}},"s":{"0":1,"1":1,"2":0,"3":0,"4":0,"5":0,"6":0,"7":0,"8":0,"9":0,"10":0,"11":0,"12":0,"13":1},"f":{"0":0},"b":{"0":[0,0],"1":[0,0]}}
,"C:\\Users\\anatole\\Projects\\ecoledirecte.js\\lib\\account_types\\Staff.ts": {"path":"C:\\Users\\anatole\\Projects\\ecoledirecte.js\\lib\\account_types\\Staff.ts","statementMap":{"0":{"start":{"line":1,"column":0},"end":{"line":1,"column":36}},"1":{"start":{"line":5,"column":0},"end":{"line":5,"column":62}},"2":{"start":{"line":13,"column":2},"end":{"line":13,"column":17}},"3":{"start":{"line":12,"column":21},"end":{"line":12,"column":37}},"4":{"start":{"line":8,"column":8},"end":{"line":8,"column":32}},"5":{"start":{"line":14,"column":33},"end":{"line":14,"column":52}},"6":{"start":{"line":16,"column":22},"end":{"line":17,"column":null}},"7":{"start":{"line":20,"column":2},"end":{"line":21,"column":54}},"8":{"start":{"line":21,"column":3},"end":{"line":21,"column":54}},"9":{"start":{"line":23,"column":2},"end":{"line":23,"column":67}},"10":{"start":{"line":23,"column":22},"end":{"line":23,"column":67}},"11":{"start":{"line":25,"column":2},"end":{"line":25,"column":29}},"12":{"start":{"line":26,"column":2},"end":{"line":26,"column":29}},"13":{"start":{"line":7,"column":0},"end":{"line":7,"column":13}}},"fnMap":{"0":{"name":"(anonymous_0)","decl":{"start":{"line":12,"column":1},"end":{"line":12,"column":21}},"loc":{"start":{"line":12,"column":37},"end":{"line":27,"column":2}}}},"branchMap":{"0":{"loc":{"start":{"line":20,"column":2},"end":{"line":21,"column":54}},"type":"if","locations":[{"start":{"line":20,"column":2},"end":{"line":21,"column":54}},{"start":{"line":20,"column":2},"end":{"line":21,"column":54}}]},"1":{"loc":{"start":{"line":23,"column":2},"end":{"line":23,"column":67}},"type":"if","locations":[{"start":{"line":23,"column":2},"end":{"line":23,"column":67}},{"start":{"line":23,"column":2},"end":{"line":23,"column":67}}]}},"s":{"0":1,"1":1,"2":0,"3":0,"4":0,"5":0,"6":0,"7":0,"8":0,"9":0,"10":0,"11":0,"12":0,"13":1},"f":{"0":0},"b":{"0":[0,0],"1":[0,0]}}
,"C:\\Users\\anatole\\Projects\\ecoledirecte.js\\lib\\account_types\\Student.ts": {"path":"C:\\Users\\anatole\\Projects\\ecoledirecte.js\\lib\\account_types\\Student.ts","statementMap":{"0":{"start":{"line":1,"column":0},"end":{"line":1,"column":42}},"1":{"start":{"line":3,"column":0},"end":{"line":3,"column":36}},"2":{"start":{"line":7,"column":0},"end":{"line":7,"column":null}},"3":{"start":{"line":20,"column":2},"end":{"line":20,"column":17}},"4":{"start":{"line":19,"column":21},"end":{"line":19,"column":37}},"5":{"start":{"line":15,"column":8},"end":{"line":15,"column":36}},"6":{"start":{"line":21,"column":33},"end":{"line":21,"column":52}},"7":{"start":{"line":23,"column":22},"end":{"line":24,"column":null}},"8":{"start":{"line":27,"column":2},"end":{"line":28,"column":55}},"9":{"start":{"line":28,"column":3},"end":{"line":28,"column":55}},"10":{"start":{"line":30,"column":2},"end":{"line":30,"column":67}},"11":{"start":{"line":30,"column":22},"end":{"line":30,"column":67}},"12":{"start":{"line":32,"column":2},"end":{"line":32,"column":29}},"13":{"start":{"line":33,"column":2},"end":{"line":33,"column":29}},"14":{"start":{"line":37,"column":19},"end":{"line":37,"column":75}},"15":{"start":{"line":38,"column":2},"end":{"line":38,"column":63}},"16":{"start":{"line":38,"column":27},"end":{"line":38,"column":63}},"17":{"start":{"line":39,"column":19},"end":{"line":39,"column":41}},"18":{"start":{"line":40,"column":2},"end":{"line":63,"column":6}},"19":{"start":{"line":40,"column":30},"end":{"line":63,"column":4}},"20":{"start":{"line":66,"column":65},"end":{"line":66,"column":null}},"21":{"start":{"line":14,"column":0},"end":{"line":14,"column":13}}},"fnMap":{"0":{"name":"(anonymous_7)","decl":{"start":{"line":19,"column":1},"end":{"line":19,"column":21}},"loc":{"start":{"line":19,"column":37},"end":{"line":34,"column":2}}},"1":{"name":"(anonymous_8)","decl":{"start":{"line":36,"column":7},"end":{"line":36,"column":18}},"loc":{"start":{"line":36,"column":31},"end":{"line":64,"column":null}}},"2":{"name":"(anonymous_10)","decl":{"start":{"line":40,"column":22},"end":{"line":40,"column":23}},"loc":{"start":{"line":40,"column":30},"end":{"line":63,"column":4}}},"3":{"name":"(anonymous_11)","decl":{"start":{"line":66,"column":7},"end":{"line":66,"column":18}},"loc":{"start":{"line":66,"column":62},"end":{"line":66,"column":null}}},"4":{"name":"(anonymous_12)","decl":{"start":{"line":66,"column":65},"end":{"line":66,"column":66}},"loc":{"start":{"line":66,"column":65},"end":{"line":66,"column":66}}}},"branchMap":{"0":{"loc":{"start":{"line":27,"column":2},"end":{"line":28,"column":55}},"type":"if","locations":[{"start":{"line":27,"column":2},"end":{"line":28,"column":55}},{"start":{"line":27,"column":2},"end":{"line":28,"column":55}}]},"1":{"loc":{"start":{"line":30,"column":2},"end":{"line":30,"column":67}},"type":"if","locations":[{"start":{"line":30,"column":2},"end":{"line":30,"column":67}},{"start":{"line":30,"column":2},"end":{"line":30,"column":67}}]},"2":{"loc":{"start":{"line":38,"column":2},"end":{"line":38,"column":63}},"type":"if","locations":[{"start":{"line":38,"column":2},"end":{"line":38,"column":63}},{"start":{"line":38,"column":2},"end":{"line":38,"column":63}}]},"3":{"loc":{"start":{"line":47,"column":41},"end":{"line":47,"column":60}},"type":"cond-expr","locations":[{"start":{"line":47,"column":41},"end":{"line":47,"column":60}},{"start":{"line":47,"column":63},"end":{"line":47,"column":72}}]},"4":{"loc":{"start":{"line":66,"column":52},"end":{"line":66,"column":62}},"type":"default-arg","locations":[{"start":{"line":66,"column":52},"end":{"line":66,"column":62}}]}},"s":{"0":1,"1":1,"2":1,"3":1,"4":1,"5":1,"6":1,"7":1,"8":1,"9":0,"10":1,"11":0,"12":1,"13":1,"14":0,"15":0,"16":0,"17":0,"18":0,"19":0,"20":0,"21":1},"f":{"0":1,"1":0,"2":0,"3":0,"4":0},"b":{"0":[0,1],"1":[0,1],"2":[0,0],"3":[0,0],"4":[0]}}
,"C:\\Users\\anatole\\Projects\\ecoledirecte.js\\lib\\account_types\\Teacher.ts": {"path":"C:\\Users\\anatole\\Projects\\ecoledirecte.js\\lib\\account_types\\Teacher.ts","statementMap":{"0":{"start":{"line":1,"column":0},"end":{"line":1,"column":36}},"1":{"start":{"line":5,"column":0},"end":{"line":5,"column":64}},"2":{"start":{"line":13,"column":2},"end":{"line":13,"column":17}},"3":{"start":{"line":12,"column":21},"end":{"line":12,"column":37}},"4":{"start":{"line":8,"column":8},"end":{"line":8,"column":36}},"5":{"start":{"line":14,"column":33},"end":{"line":14,"column":52}},"6":{"start":{"line":16,"column":22},"end":{"line":17,"column":null}},"7":{"start":{"line":20,"column":2},"end":{"line":21,"column":56}},"8":{"start":{"line":21,"column":3},"end":{"line":21,"column":56}},"9":{"start":{"line":23,"column":2},"end":{"line":23,"column":67}},"10":{"start":{"line":23,"column":22},"end":{"line":23,"column":67}},"11":{"start":{"line":25,"column":2},"end":{"line":25,"column":29}},"12":{"start":{"line":26,"column":2},"end":{"line":26,"column":29}},"13":{"start":{"line":7,"column":0},"end":{"line":7,"column":13}}},"fnMap":{"0":{"name":"(anonymous_0)","decl":{"start":{"line":12,"column":1},"end":{"line":12,"column":21}},"loc":{"start":{"line":12,"column":37},"end":{"line":27,"column":2}}}},"branchMap":{"0":{"loc":{"start":{"line":20,"column":2},"end":{"line":21,"column":56}},"type":"if","locations":[{"start":{"line":20,"column":2},"end":{"line":21,"column":56}},{"start":{"line":20,"column":2},"end":{"line":21,"column":56}}]},"1":{"loc":{"start":{"line":23,"column":2},"end":{"line":23,"column":67}},"type":"if","locations":[{"start":{"line":23,"column":2},"end":{"line":23,"column":67}},{"start":{"line":23,"column":2},"end":{"line":23,"column":67}}]}},"s":{"0":1,"1":1,"2":0,"3":0,"4":0,"5":0,"6":0,"7":0,"8":0,"9":0,"10":0,"11":0,"12":0,"13":1},"f":{"0":0},"b":{"0":[0,0],"1":[0,0]}}
,"C:\\Users\\anatole\\Projects\\ecoledirecte.js\\lib\\account_types\\index.ts": {"path":"C:\\Users\\anatole\\Projects\\ecoledirecte.js\\lib\\account_types\\index.ts","statementMap":{"0":{"start":{"line":1,"column":0},"end":{"line":1,"column":9}},"1":{"start":{"line":6,"column":9},"end":{"line":1,"column":34}},"2":{"start":{"line":2,"column":0},"end":{"line":2,"column":9}},"3":{"start":{"line":6,"column":17},"end":{"line":2,"column":32}},"4":{"start":{"line":3,"column":0},"end":{"line":3,"column":9}},"5":{"start":{"line":6,"column":24},"end":{"line":3,"column":36}},"6":{"start":{"line":4,"column":0},"end":{"line":4,"column":9}},"7":{"start":{"line":6,"column":33},"end":{"line":4,"column":36}}},"fnMap":{"0":{"name":"(anonymous_0)","decl":{"start":{"line":6,"column":9},"end":{"line":6,"column":15}},"loc":{"start":{"line":6,"column":9},"end":{"line":1,"column":34}}},"1":{"name":"(anonymous_1)","decl":{"start":{"line":6,"column":17},"end":{"line":6,"column":22}},"loc":{"start":{"line":6,"column":17},"end":{"line":2,"column":32}}},"2":{"name":"(anonymous_2)","decl":{"start":{"line":6,"column":24},"end":{"line":6,"column":31}},"loc":{"start":{"line":6,"column":24},"end":{"line":3,"column":36}}},"3":{"name":"(anonymous_3)","decl":{"start":{"line":6,"column":33},"end":{"line":6,"column":40}},"loc":{"start":{"line":6,"column":33},"end":{"line":4,"column":36}}}},"branchMap":{},"s":{"0":1,"1":1,"2":1,"3":1,"4":1,"5":2,"6":1,"7":1},"f":{"0":0,"1":0,"2":1,"3":0},"b":{}}
,"C:\\Users\\anatole\\Projects\\ecoledirecte.js\\lib\\functions\\index.ts": {"path":"C:\\Users\\anatole\\Projects\\ecoledirecte.js\\lib\\functions\\index.ts","statementMap":{"0":{"start":{"line":1,"column":0},"end":{"line":1,"column":46}},"1":{"start":{"line":24,"column":18},"end":{"line":24,"column":39}},"2":{"start":{"line":25,"column":1},"end":{"line":32,"column":3}},"3":{"start":{"line":34,"column":13},"end":{"line":37,"column":3}},"4":{"start":{"line":38,"column":23},"end":{"line":38,"column":41}},"5":{"start":{"line":39,"column":1},"end":{"line":39,"column":13}},"6":{"start":{"line":23,"column":0},"end":{"line":23,"column":22}},"7":{"start":{"line":46,"column":21},"end":{"line":46,"column":76}},"8":{"start":{"line":46,"column":44},"end":{"line":46,"column":52}},"9":{"start":{"line":47,"column":1},"end":{"line":47,"column":20}},"10":{"start":{"line":45,"column":0},"end":{"line":45,"column":16}},"11":{"start":{"line":57,"column":18},"end":{"line":57,"column":39}},"12":{"start":{"line":58,"column":1},"end":{"line":63,"column":3}},"13":{"start":{"line":65,"column":13},"end":{"line":70,"column":null}},"14":{"start":{"line":72,"column":26},"end":{"line":72,"column":44}},"15":{"start":{"line":73,"column":1},"end":{"line":73,"column":13}},"16":{"start":{"line":56,"column":0},"end":{"line":56,"column":22}},"17":{"start":{"line":82,"column":18},"end":{"line":82,"column":39}},"18":{"start":{"line":83,"column":1},"end":{"line":88,"column":3}},"19":{"start":{"line":89,"column":13},"end":{"line":94,"column":null}},"20":{"start":{"line":96,"column":30},"end":{"line":96,"column":48}},"21":{"start":{"line":97,"column":1},"end":{"line":97,"column":13}},"22":{"start":{"line":81,"column":0},"end":{"line":81,"column":22}},"23":{"start":{"line":107,"column":18},"end":{"line":107,"column":39}},"24":{"start":{"line":108,"column":1},"end":{"line":113,"column":3}},"25":{"start":{"line":114,"column":13},"end":{"line":119,"column":null}},"26":{"start":{"line":121,"column":25},"end":{"line":121,"column":43}},"27":{"start":{"line":122,"column":1},"end":{"line":122,"column":13}},"28":{"start":{"line":102,"column":0},"end":{"line":102,"column":22}},"29":{"start":{"line":128,"column":1},"end":{"line":134,"column":null}},"30":{"start":{"line":129,"column":2},"end":{"line":131,"column":4}},"31":{"start":{"line":133,"column":2},"end":{"line":133,"column":14}},"32":{"start":{"line":127,"column":0},"end":{"line":127,"column":16}},"33":{"start":{"line":141,"column":1},"end":{"line":141,"column":35}},"34":{"start":{"line":140,"column":0},"end":{"line":140,"column":16}},"35":{"start":{"line":148,"column":1},"end":{"line":148,"column":35}},"36":{"start":{"line":147,"column":0},"end":{"line":147,"column":16}},"37":{"start":{"line":155,"column":1},"end":{"line":155,"column":35}},"38":{"start":{"line":154,"column":0},"end":{"line":154,"column":16}},"39":{"start":{"line":162,"column":1},"end":{"line":162,"column":35}},"40":{"start":{"line":161,"column":0},"end":{"line":161,"column":16}}},"fnMap":{"0":{"name":"login","decl":{"start":{"line":23,"column":22},"end":{"line":23,"column":27}},"loc":{"start":{"line":23,"column":62},"end":{"line":40,"column":null}}},"1":{"name":"getMainAccount","decl":{"start":{"line":45,"column":16},"end":{"line":45,"column":30}},"loc":{"start":{"line":45,"column":55},"end":{"line":48,"column":1}}},"2":{"name":"(anonymous_11)","decl":{"start":{"line":46,"column":35},"end":{"line":46,"column":36}},"loc":{"start":{"line":46,"column":44},"end":{"line":46,"column":52}}},"3":{"name":"getTextbook","decl":{"start":{"line":56,"column":22},"end":{"line":56,"column":33}},"loc":{"start":{"line":56,"column":59},"end":{"line":74,"column":null}}},"4":{"name":"getTextbookPage","decl":{"start":{"line":81,"column":22},"end":{"line":81,"column":37}},"loc":{"start":{"line":81,"column":77},"end":{"line":98,"column":null}}},"5":{"name":"getMessages","decl":{"start":{"line":102,"column":22},"end":{"line":102,"column":33}},"loc":{"start":{"line":105,"column":44},"end":{"line":123,"column":null}}},"6":{"name":"isFailure","decl":{"start":{"line":127,"column":16},"end":{"line":127,"column":25}},"loc":{"start":{"line":127,"column":35},"end":{"line":135,"column":1}}},"7":{"name":"isStudentAccount","decl":{"start":{"line":140,"column":16},"end":{"line":140,"column":32}},"loc":{"start":{"line":140,"column":49},"end":{"line":142,"column":1}}},"8":{"name":"isTeacherAccount","decl":{"start":{"line":147,"column":16},"end":{"line":147,"column":32}},"loc":{"start":{"line":147,"column":49},"end":{"line":149,"column":1}}},"9":{"name":"isFamilyAccount","decl":{"start":{"line":154,"column":16},"end":{"line":154,"column":31}},"loc":{"start":{"line":154,"column":48},"end":{"line":156,"column":1}}},"10":{"name":"isStaffAccount","decl":{"start":{"line":161,"column":16},"end":{"line":161,"column":30}},"loc":{"start":{"line":161,"column":47},"end":{"line":163,"column":1}}}},"branchMap":{"0":{"loc":{"start":{"line":46,"column":21},"end":{"line":46,"column":53}},"type":"binary-expr","locations":[{"start":{"line":46,"column":21},"end":{"line":46,"column":53}},{"start":{"line":46,"column":57},"end":{"line":46,"column":68}},{"start":{"line":46,"column":72},"end":{"line":46,"column":76}}]},"1":{"loc":{"start":{"line":105,"column":34},"end":{"line":105,"column":44}},"type":"default-arg","locations":[{"start":{"line":105,"column":34},"end":{"line":105,"column":44}}]},"2":{"loc":{"start":{"line":130,"column":3},"end":{"line":130,"column":14}},"type":"binary-expr","locations":[{"start":{"line":130,"column":3},"end":{"line":130,"column":14}},{"start":{"line":130,"column":18},"end":{"line":130,"column":35}},{"start":{"line":130,"column":40},"end":{"line":130,"column":50}},{"start":{"line":130,"column":54},"end":{"line":130,"column":73}}]}},"s":{"0":1,"1":1,"2":1,"3":1,"4":1,"5":1,"6":1,"7":3,"8":3,"9":3,"10":1,"11":0,"12":0,"13":0,"14":0,"15":0,"16":1,"17":0,"18":0,"19":0,"20":0,"21":0,"22":1,"23":0,"24":0,"25":0,"26":0,"27":0,"28":1,"29":2,"30":2,"31":0,"32":1,"33":2,"34":1,"35":0,"36":1,"37":0,"38":1,"39":0,"40":1},"f":{"0":1,"1":3,"2":3,"3":0,"4":0,"5":0,"6":2,"7":2,"8":0,"9":0,"10":0},"b":{"0":[3,0,0],"1":[0],"2":[2,0,0,0]}}
}
