TN:
SF:lib\Session.ts
FN:16,(anonymous_0)
FN:20,(anonymous_1)
FN:52,(anonymous_2)
FNF:3
FNH:3
FNDA:6,(anonymous_0)
FNDA:6,(anonymous_1)
FNDA:1,(anonymous_2)
DA:1,5
DA:2,5
DA:3,5
DA:4,5
DA:6,5
DA:14,6
DA:17,6
DA:21,6
DA:22,6
DA:24,6
DA:25,6
DA:26,6
DA:30,5
DA:31,5
DA:33,2
DA:35,1
DA:37,1
DA:39,1
DA:41,0
DA:53,1
DA:54,1
LF:21
LH:20
BRDA:26,0,0,1
BRDA:26,0,1,5
BRDA:32,1,0,2
BRDA:32,1,1,1
BRDA:32,1,2,1
BRDA:32,1,3,1
BRDA:32,1,4,0
BRF:7
BRH:6
end_of_record
TN:
SF:lib\errors.ts
FN:4,(anonymous_0)
FNF:1
FNH:1
FNDA:1,(anonymous_0)
DA:3,5
DA:4,1
DA:5,1
DA:6,1
LF:4
LH:4
BRDA:5,0,0,1
BRDA:5,0,1,1
BRF:2
BRH:2
end_of_record
TN:
SF:lib\index.ts
FN:4,(anonymous_6)
FNF:1
FNH:1
FNDA:6,(anonymous_6)
DA:1,5
DA:2,5
DA:4,11
DA:5,5
LF:4
LH:4
BRF:0
BRH:0
end_of_record
TN:
SF:lib\account_types\Account.ts
FN:17,(anonymous_0)
FN:9,(anonymous_1)
FN:13,(anonymous_2)
FN:30,(anonymous_3)
FNF:4
FNH:4
FNDA:5,(anonymous_0)
FNDA:64,(anonymous_1)
FNDA:66,(anonymous_2)
FNDA:1,(anonymous_3)
DA:2,5
DA:3,5
DA:5,5
DA:10,64
DA:14,66
DA:18,5
DA:20,5
DA:21,0
DA:23,5
DA:25,5
DA:27,5
DA:31,1
LF:12
LH:11
BRDA:20,0,0,0
BRDA:20,0,1,5
BRDA:20,1,0,5
BRDA:20,1,1,5
BRDA:25,2,0,0
BRDA:25,2,1,5
BRF:6
BRH:4
end_of_record
TN:
SF:lib\account_types\Family.ts
FN:11,(anonymous_0)
FNF:1
FNH:1
FNDA:1,(anonymous_0)
DA:1,5
DA:4,5
DA:5,5
DA:7,5
DA:8,1
DA:11,1
DA:12,1
DA:14,1
DA:18,1
DA:19,0
DA:21,1
DA:23,1
DA:24,1
LF:13
LH:12
BRDA:18,0,0,0
BRDA:18,0,1,1
BRDA:21,1,0,0
BRDA:21,1,1,1
BRF:4
BRH:2
end_of_record
TN:
SF:lib\account_types\Staff.ts
FN:11,(anonymous_0)
FNF:1
FNH:1
FNDA:1,(anonymous_0)
DA:1,5
DA:4,5
DA:5,5
DA:7,5
DA:8,1
DA:11,1
DA:12,1
DA:14,1
DA:18,1
DA:19,0
DA:21,1
DA:23,1
DA:24,1
LF:13
LH:12
BRDA:18,0,0,0
BRDA:18,0,1,1
BRDA:21,1,0,0
BRDA:21,1,1,1
BRF:4
BRH:2
end_of_record
TN:
SF:lib\account_types\Student.ts
FN:25,(anonymous_0)
FN:40,(anonymous_1)
FN:56,(anonymous_2)
FN:69,(anonymous_3)
FN:75,(anonymous_4)
FN:79,(anonymous_5)
FNF:6
FNH:6
FNDA:2,(anonymous_0)
FNDA:2,(anonymous_1)
FNDA:30,(anonymous_2)
FNDA:65,(anonymous_3)
FNDA:63,(anonymous_4)
FNDA:1,(anonymous_5)
DA:1,5
DA:4,5
DA:11,5
DA:18,5
DA:19,5
DA:21,5
DA:22,2
DA:25,2
DA:26,2
DA:27,2
DA:31,2
DA:32,0
DA:34,2
DA:36,2
DA:37,2
DA:43,2
DA:44,1
DA:48,1
DA:49,1
DA:52,2
DA:54,2
DA:57,30
DA:58,30
DA:63,30
DA:65,30
DA:66,30
DA:67,30
DA:68,30
DA:69,65
DA:70,30
DA:75,63
DA:76,2
DA:80,1
DA:81,1
DA:83,1
DA:84,1
DA:85,1
DA:87,1
LF:38
LH:37
BRDA:31,0,0,0
BRDA:31,0,1,2
BRDA:34,1,0,0
BRDA:34,1,1,2
BRDA:43,2,0,1
BRDA:43,2,1,1
BRDA:52,3,0,1
BRDA:52,3,1,1
BRF:8
BRH:6
end_of_record
TN:
SF:lib\account_types\Teacher.ts
FN:11,(anonymous_0)
FNF:1
FNH:1
FNDA:1,(anonymous_0)
DA:1,5
DA:4,5
DA:5,5
DA:7,5
DA:8,1
DA:11,1
DA:12,1
DA:14,1
DA:18,1
DA:19,0
DA:21,1
DA:23,1
DA:24,1
LF:13
LH:12
BRDA:18,0,0,0
BRDA:18,0,1,1
BRDA:21,1,0,0
BRDA:21,1,1,1
BRF:4
BRH:2
end_of_record
TN:
SF:lib\account_types\index.ts
FN:6,(anonymous_0)
FN:6,(anonymous_1)
FN:6,(anonymous_2)
FN:6,(anonymous_3)
FNF:4
FNH:4
FNDA:1,(anonymous_0)
FNDA:1,(anonymous_1)
FNDA:2,(anonymous_2)
FNDA:1,(anonymous_3)
DA:1,5
DA:2,5
DA:3,5
DA:4,5
DA:6,7
LF:5
LH:5
BRF:0
BRH:0
end_of_record
TN:
SF:lib\functions\index.ts
FN:4,(anonymous_0)
FN:4,(anonymous_1)
FN:5,(anonymous_2)
FN:5,(anonymous_3)
FN:12,(anonymous_4)
FN:12,(anonymous_5)
FN:12,(anonymous_6)
FN:18,(anonymous_7)
FNF:8
FNH:6
FNDA:6,(anonymous_0)
FNDA:15,(anonymous_1)
FNDA:30,(anonymous_2)
FNDA:0,(anonymous_3)
FNDA:30,(anonymous_4)
FNDA:30,(anonymous_5)
FNDA:0,(anonymous_6)
FNDA:2,(anonymous_7)
DA:1,5
DA:2,5
DA:4,20
DA:5,35
DA:9,5
DA:10,5
DA:12,35
DA:16,5
DA:18,7
LF:9
LH:9
BRF:0
BRH:0
end_of_record
TN:
SF:lib\functions\login.ts
FN:7,login
FN:27,getMainAccount
FN:28,(anonymous_2)
FNF:3
FNH:3
FNDA:6,login
FNDA:15,getMainAccount
FNDA:15,(anonymous_2)
DA:1,5
DA:7,5
DA:11,6
DA:21,6
DA:27,5
DA:28,15
DA:29,15
LF:7
LH:7
BRDA:28,0,0,15
BRDA:28,0,1,0
BRDA:28,0,2,0
BRF:3
BRH:1
end_of_record
TN:
SF:lib\functions\util.ts
FN:7,toISODate
FN:18,expandBase64
FNF:2
FNH:2
FNDA:30,toISODate
FNDA:168,expandBase64
DA:1,5
DA:2,5
DA:4,5
DA:5,5
DA:7,5
DA:8,30
DA:9,30
DA:11,30
DA:18,5
DA:19,168
DA:28,5
DA:37,40
DA:38,40
DA:55,40
DA:56,40
DA:57,40
DA:58,40
DA:61,40
DA:62,40
DA:64,40
DA:66,40
LF:21
LH:21
BRDA:9,0,0,0
BRDA:9,0,1,30
BRDA:34,1,0,0
BRDA:55,2,0,40
BRDA:55,2,1,0
BRDA:64,3,0,0
BRDA:64,3,1,40
BRDA:64,4,0,40
BRDA:64,4,1,34
BRF:9
BRH:5
end_of_record
TN:
SF:lib\functions\student\mailbox.ts
FN:10,getMessages
FN:25,cleanMessages
FN:31,(anonymous_2)
FN:40,(anonymous_3)
FN:54,(anonymous_4)
FNF:5
FNH:4
FNDA:2,getMessages
FNDA:1,cleanMessages
FNDA:4,(anonymous_2)
FNDA:1,(anonymous_3)
FNDA:0,(anonymous_4)
DA:1,5
DA:10,5
DA:15,2
DA:22,2
DA:25,5
DA:29,1
DA:30,1
DA:31,1
DA:32,4
DA:41,1
DA:51,1
DA:54,0
DA:79,1
LF:13
LH:12
BRDA:13,0,0,0
BRDA:46,1,0,1
BRDA:46,1,1,0
BRF:3
BRH:1
end_of_record
TN:
SF:lib\functions\student\textbook.ts
FN:11,getUpcomingAssignementDates
FN:32,getTextbookPage
FN:47,tickAssignement
FN:77,cleanAssignements
FN:85,(anonymous_4)
FN:104,(anonymous_5)
FNF:6
FNH:4
FNDA:1,getUpcomingAssignementDates
FNDA:30,getTextbookPage
FNDA:0,tickAssignement
FNDA:30,cleanAssignements
FNDA:65,(anonymous_4)
FNDA:0,(anonymous_5)
DA:1,5
DA:5,5
DA:11,5
DA:15,1
DA:22,1
DA:24,1
DA:32,5
DA:37,30
DA:44,30
DA:47,5
DA:53,0
DA:54,0
DA:60,0
DA:63,0
DA:64,0
DA:66,0
DA:73,0
DA:74,0
DA:77,5
DA:84,30
DA:85,65
DA:105,0
DA:111,0
DA:112,0
DA:113,0
DA:124,30
LF:26
LH:14
BRDA:24,0,0,1
BRDA:24,0,1,0
BRDA:53,1,0,0
BRDA:53,1,1,0
BRDA:54,2,0,0
BRDA:54,2,1,0
BRDA:54,3,0,0
BRDA:54,3,1,0
BRDA:54,4,0,0
BRDA:54,4,1,0
BRDA:63,5,0,0
BRDA:63,5,1,0
BRDA:64,6,0,0
BRDA:64,6,1,0
BRDA:93,7,0,65
BRDA:93,7,1,0
BRDA:95,8,0,51
BRDA:95,8,1,14
BRDA:106,9,0,0
BRDA:106,9,1,0
BRDA:106,10,0,0
BRDA:106,10,1,0
BRDA:111,11,0,0
BRDA:111,11,1,0
BRDA:111,12,0,0
BRDA:111,12,1,0
BRDA:111,13,0,0
BRDA:111,13,1,0
BRF:28
BRH:4
end_of_record
TN:
SF:lib\types\failureRes.ts
FN:10,isFailure
FNF:1
FNH:1
FNDA:47,isFailure
DA:10,6
DA:11,47
DA:12,47
DA:14,47
DA:18,47
DA:19,47
DA:21,0
LF:7
LH:6
BRDA:12,0,0,47
BRDA:12,0,1,2
BRDA:15,1,0,13
BRDA:15,1,1,34
BRDA:15,2,0,13
BRDA:15,2,1,0
BRDA:18,3,0,47
BRDA:18,3,1,45
BRF:8
BRH:7
end_of_record
TN:
SF:lib\types\index.ts
FN:5,(anonymous_0)
FN:15,(anonymous_1)
FN:16,(anonymous_2)
FN:17,(anonymous_3)
FN:18,(anonymous_4)
FNF:5
FNH:5
FNDA:47,(anonymous_0)
FNDA:1,(anonymous_1)
FNDA:1,(anonymous_2)
FNDA:2,(anonymous_3)
FNDA:1,(anonymous_4)
DA:4,6
DA:5,53
DA:9,6
DA:10,6
DA:11,6
DA:12,6
DA:15,7
DA:16,7
DA:17,8
DA:18,7
LF:10
LH:10
BRF:0
BRH:0
end_of_record
TN:
SF:lib\types\login.ts
FN:244,isStudentAccount
FN:251,isTeacherAccount
FN:258,isFamilyAccount
FN:265,isStaffAccount
FNF:4
FNH:4
FNDA:2,isStudentAccount
FNDA:1,isTeacherAccount
FNDA:1,isFamilyAccount
FNDA:1,isStaffAccount
DA:244,6
DA:245,2
DA:251,6
DA:252,1
DA:258,6
DA:259,1
DA:265,6
DA:266,1
LF:8
LH:8
BRF:0
BRH:0
end_of_record
