TN:
SF:lib\Session.ts
FN:24,(anonymous_7)
FN:28,(anonymous_8)
FN:57,(anonymous_10)
FN:65,(anonymous_11)
FNF:4
FNH:4
FNDA:1,(anonymous_7)
FNDA:1,(anonymous_8)
FNDA:3,(anonymous_10)
FNDA:3,(anonymous_11)
DA:1,1
DA:10,1
DA:11,1
DA:12,1
DA:14,1
DA:17,1
DA:22,1
DA:25,1
DA:29,1
DA:31,1
DA:32,1
DA:34,1
DA:35,1
DA:36,0
DA:40,1
DA:41,1
DA:42,1
DA:43,0
DA:44,0
DA:45,0
DA:46,0
DA:47,0
DA:48,0
DA:50,0
DA:58,3
DA:66,3
LF:26
LH:18
BRDA:35,0,0,0
BRDA:35,0,1,1
BRDA:41,1,0,1
BRDA:41,1,1,0
BRDA:43,2,0,0
BRDA:43,2,1,0
BRDA:45,3,0,0
BRDA:45,3,1,0
BRDA:47,4,0,0
BRDA:47,4,1,0
BRDA:66,5,0,0
BRDA:66,5,1,3
BRDA:66,6,0,3
BRDA:66,6,1,3
BRF:14
BRH:5
end_of_record
TN:
SF:lib\errors.ts
FN:2,(anonymous_0)
FNF:1
FNH:0
FNDA:0,(anonymous_0)
DA:1,1
DA:3,0
DA:4,0
LF:3
LH:1
BRF:0
BRH:0
end_of_record
TN:
SF:lib\index.ts
FN:4,(anonymous_6)
FNF:1
FNH:1
FNDA:1,(anonymous_6)
DA:1,1
DA:2,1
DA:4,2
LF:3
LH:3
BRF:0
BRH:0
end_of_record
TN:
SF:lib\account_types\Account.ts
FN:8,(anonymous_0)
FN:22,(anonymous_1)
FN:28,(anonymous_2)
FNF:3
FNH:1
FNDA:1,(anonymous_0)
FNDA:0,(anonymous_1)
FNDA:0,(anonymous_2)
DA:2,1
DA:3,1
DA:5,1
DA:9,1
DA:12,1
DA:13,0
DA:15,1
DA:17,1
DA:19,1
DA:23,0
DA:29,0
LF:11
LH:8
BRDA:12,0,0,0
BRDA:12,0,1,1
BRDA:12,1,0,1
BRDA:12,1,1,1
BRDA:17,2,0,0
BRDA:17,2,1,1
BRF:6
BRH:4
end_of_record
TN:
SF:lib\account_types\Family.ts
FN:12,(anonymous_0)
FNF:1
FNH:0
FNDA:0,(anonymous_0)
DA:1,1
DA:4,1
DA:5,1
DA:7,1
DA:8,0
DA:12,0
DA:13,0
DA:14,0
DA:16,0
DA:20,0
DA:21,0
DA:23,0
DA:25,0
DA:26,0
LF:14
LH:4
BRDA:20,0,0,0
BRDA:20,0,1,0
BRDA:23,1,0,0
BRDA:23,1,1,0
BRF:4
BRH:0
end_of_record
TN:
SF:lib\account_types\Staff.ts
FN:12,(anonymous_0)
FNF:1
FNH:0
FNDA:0,(anonymous_0)
DA:1,1
DA:4,1
DA:5,1
DA:7,1
DA:8,0
DA:12,0
DA:13,0
DA:14,0
DA:16,0
DA:20,0
DA:21,0
DA:23,0
DA:25,0
DA:26,0
LF:14
LH:4
BRDA:20,0,0,0
BRDA:20,0,1,0
BRDA:23,1,0,0
BRDA:23,1,1,0
BRF:4
BRH:0
end_of_record
TN:
SF:lib\account_types\Student.ts
FN:25,(anonymous_7)
FN:42,(anonymous_8)
FN:53,(anonymous_10)
FN:53,(anonymous_11)
FNF:4
FNH:2
FNDA:1,(anonymous_7)
FNDA:1,(anonymous_8)
FNDA:0,(anonymous_10)
FNDA:0,(anonymous_11)
DA:3,1
DA:6,1
DA:12,1
DA:18,1
DA:20,1
DA:21,1
DA:25,1
DA:26,1
DA:27,1
DA:29,1
DA:33,1
DA:34,0
DA:36,1
DA:38,1
DA:39,1
DA:43,1
DA:44,1
DA:45,1
DA:46,0
DA:48,1
DA:49,1
DA:50,1
DA:53,0
LF:23
LH:20
BRDA:33,0,0,0
BRDA:33,0,1,1
BRDA:36,1,0,0
BRDA:36,1,1,1
BRDA:45,2,0,0
BRDA:45,2,1,1
BRDA:53,3,0,0
BRF:7
BRH:3
end_of_record
TN:
SF:lib\account_types\Teacher.ts
FN:12,(anonymous_0)
FNF:1
FNH:0
FNDA:0,(anonymous_0)
DA:1,1
DA:4,1
DA:5,1
DA:7,1
DA:8,0
DA:12,0
DA:13,0
DA:14,0
DA:16,0
DA:20,0
DA:21,0
DA:23,0
DA:25,0
DA:26,0
LF:14
LH:4
BRDA:20,0,0,0
BRDA:20,0,1,0
BRDA:23,1,0,0
BRDA:23,1,1,0
BRF:4
BRH:0
end_of_record
TN:
SF:lib\account_types\index.ts
FN:6,(anonymous_0)
FN:6,(anonymous_1)
FN:6,(anonymous_2)
FN:6,(anonymous_3)
FNF:4
FNH:1
FNDA:0,(anonymous_0)
FNDA:0,(anonymous_1)
FNDA:1,(anonymous_2)
FNDA:0,(anonymous_3)
DA:1,1
DA:2,1
DA:3,1
DA:4,1
DA:6,2
LF:5
LH:5
BRF:0
BRH:0
end_of_record
TN:
SF:lib\functions\index.ts
FN:4,(anonymous_0)
FN:4,(anonymous_1)
FN:5,(anonymous_2)
FN:12,(anonymous_3)
FN:12,(anonymous_4)
FN:12,(anonymous_5)
FN:18,(anonymous_6)
FNF:7
FNH:5
FNDA:1,(anonymous_0)
FNDA:3,(anonymous_1)
FNDA:1,(anonymous_2)
FNDA:0,(anonymous_3)
FNDA:1,(anonymous_4)
FNDA:1,(anonymous_5)
FNDA:0,(anonymous_6)
DA:1,1
DA:2,1
DA:4,4
DA:5,2
DA:9,1
DA:10,1
DA:12,2
DA:16,1
DA:18,1
LF:9
LH:9
BRF:0
BRH:0
end_of_record
TN:
SF:lib\functions\login.ts
FN:8,login
FN:30,getMainAccount
FN:31,(anonymous_11)
FNF:3
FNH:3
FNDA:1,login
FNDA:3,getMainAccount
FNDA:3,(anonymous_11)
DA:1,1
DA:8,1
DA:9,1
DA:10,1
DA:19,1
DA:23,1
DA:24,1
DA:30,1
DA:31,3
DA:32,3
LF:10
LH:10
BRDA:31,0,0,3
BRDA:31,0,1,0
BRDA:31,0,2,0
BRF:3
BRH:1
end_of_record
TN:
SF:lib\functions\util.ts
FN:1,toISODate
FNF:1
FNH:1
FNDA:2,toISODate
DA:1,1
DA:2,2
DA:3,2
DA:5,2
LF:4
LH:4
BRDA:3,0,0,0
BRDA:3,0,1,2
BRF:2
BRH:1
end_of_record
TN:
SF:lib\functions\student\mailbox.ts
FN:5,getMessages
FNF:1
FNH:0
FNDA:0,getMessages
DA:1,1
DA:5,1
DA:10,0
DA:11,0
DA:17,0
DA:24,0
DA:25,0
LF:7
LH:2
BRDA:8,0,0,0
BRF:1
BRH:0
end_of_record
TN:
SF:lib\functions\student\textbook.ts
FN:12,getTextbook
FN:37,getTextbookPage
FN:56,cleanAssignements
FN:62,(anonymous_13)
FNF:4
FNH:3
FNDA:0,getTextbook
FNDA:1,getTextbookPage
FNDA:1,cleanAssignements
FNDA:3,(anonymous_13)
DA:1,1
DA:2,1
DA:6,1
DA:12,1
DA:13,0
DA:14,0
DA:21,0
DA:28,0
DA:29,0
DA:37,1
DA:38,1
DA:39,1
DA:45,1
DA:52,1
DA:53,1
DA:56,1
DA:60,1
DA:61,1
DA:62,3
DA:87,1
LF:20
LH:15
BRDA:70,0,0,3
BRDA:70,0,1,0
BRF:2
BRH:1
end_of_record
TN:
SF:lib\types\failureRes.ts
FN:11,isFailure
FNF:1
FNH:1
FNDA:5,isFailure
DA:11,2
DA:12,5
DA:13,5
DA:15,0
LF:4
LH:3
BRDA:13,0,0,5
BRDA:13,0,1,1
BRF:2
BRH:2
end_of_record
TN:
SF:lib\types\index.ts
FN:2,(anonymous_0)
FN:12,(anonymous_1)
FN:13,(anonymous_2)
FN:14,(anonymous_3)
FN:15,(anonymous_4)
FNF:5
FNH:2
FNDA:5,(anonymous_0)
FNDA:0,(anonymous_1)
FNDA:0,(anonymous_2)
FNDA:2,(anonymous_3)
FNDA:0,(anonymous_4)
DA:1,2
DA:2,7
DA:6,2
DA:7,2
DA:8,2
DA:9,2
DA:12,2
DA:13,2
DA:14,4
DA:15,2
LF:10
LH:10
BRF:0
BRH:0
end_of_record
TN:
SF:lib\types\login.ts
FN:244,isStudentAccount
FN:251,isTeacherAccount
FN:258,isFamilyAccount
FN:265,isStaffAccount
FNF:4
FNH:1
FNDA:2,isStudentAccount
FNDA:0,isTeacherAccount
FNDA:0,isFamilyAccount
FNDA:0,isStaffAccount
DA:244,2
DA:245,2
DA:251,2
DA:252,0
DA:258,2
DA:259,0
DA:265,2
DA:266,0
LF:8
LH:5
BRF:0
BRH:0
end_of_record
